#
# There is insufficient memory for the Java Runtime Environment to continue.
# Native memory allocation (malloc) failed to allocate 1096336 bytes for Chunk::new
# Possible reasons:
#   The system is out of physical RAM or swap space
#   The process is running with CompressedOops enabled, and the Java Heap may be blocking the growth of the native heap
# Possible solutions:
#   Reduce memory load on the system
#   Increase physical memory or swap space
#   Check if swap backing store is full
#   Decrease Java heap size (-Xmx/-Xms)
#   Decrease number of Java threads
#   Decrease Java thread stack sizes (-Xss)
#   Set larger code cache with -XX:ReservedCodeCacheSize=
#   JVM is running with Unscaled Compressed Oops mode in which the Java heap is
#     placed in the first 4GB address space. The Java Heap base address is the
#     maximum limit for the native heap growth. Please use -XX:HeapBaseMinAddress
#     to set the Java Heap base and to place the Java Heap above 4GB virtual address.
# This output file may be truncated or incomplete.
#
#  Out of Memory Error (arena.cpp:168), pid=1724, tid=14828
#
# JRE version: Java(TM) SE Runtime Environment (21.0.1+12) (build 21.0.1+12-LTS-29)
# Java VM: Java HotSpot(TM) 64-Bit Server VM (21.0.1+12-LTS-29, mixed mode, sharing, tiered, compressed oops, compressed class ptrs, g1 gc, windows-amd64)
# No core dump will be written. Minidumps are not enabled by default on client versions of Windows
#

---------------  S U M M A R Y ------------

Command Line: --add-opens=java.base/java.util=ALL-UNNAMED --add-opens=java.base/java.lang=ALL-UNNAMED --add-opens=java.base/java.lang.invoke=ALL-UNNAMED --add-opens=java.prefs/java.util.prefs=ALL-UNNAMED --add-opens=java.base/java.nio.charset=ALL-UNNAMED --add-opens=java.base/java.net=ALL-UNNAMED --add-opens=java.base/java.util.concurrent.atomic=ALL-UNNAMED -Xmx2048m -Dfile.encoding=UTF-8 -Duser.country=US -Duser.language=en -Duser.variant -javaagent:C:\Users\Milan\.gradle\wrapper\dists\gradle-8.7-bin\bhs2wmbdwecv87pi65oeuq5iu\gradle-8.7\lib\agents\gradle-instrumentation-agent-8.7.jar org.gradle.launcher.daemon.bootstrap.GradleDaemon 8.7

Host: Intel(R) Core(TM) i5-8265U CPU @ 1.60GHz, 8 cores, 7G,  Windows 10 , 64 bit Build 19041 (10.0.19041.5915)
Time: Wed Jul 23 17:38:42 2025 Central Europe Daylight Time elapsed time: 36.460201 seconds (0d 0h 0m 36s)

---------------  T H R E A D  ---------------

Current thread (0x0000025bb44a7c70):  JavaThread "C2 CompilerThread0" daemon [_thread_in_native, id=14828, stack(0x000000f75cc00000,0x000000f75cd00000) (1024K)]


Current CompileTask:
C2:  36460 9443       4       java.util.regex.Pattern::split (325 bytes)

Stack: [0x000000f75cc00000,0x000000f75cd00000]
Native frames: (J=compiled Java code, j=interpreted, Vv=VM code, C=native code)
V  [jvm.dll+0x6c9029]
V  [jvm.dll+0x854b81]
V  [jvm.dll+0x856e5e]
V  [jvm.dll+0x857543]
V  [jvm.dll+0x280c06]
V  [jvm.dll+0xc3ead]
V  [jvm.dll+0xc43c3]
V  [jvm.dll+0x3b5732]
V  [jvm.dll+0x382475]
V  [jvm.dll+0x3818ea]
V  [jvm.dll+0x249ad0]
V  [jvm.dll+0x2490b1]
V  [jvm.dll+0x1c9ca1]
V  [jvm.dll+0x2586b9]
V  [jvm.dll+0x256c9a]
V  [jvm.dll+0x3ef1b6]
V  [jvm.dll+0x7fd728]
V  [jvm.dll+0x6c777d]
C  [ucrtbase.dll+0x21bb2]
C  [KERNEL32.DLL+0x17374]
C  [ntdll.dll+0x4cc91]


---------------  P R O C E S S  ---------------

Threads class SMR info:
_java_thread_list=0x0000025bfd601b70, length=46, elements={
0x0000025b958d4690, 0x0000025bb4492f60, 0x0000025bb4495c90, 0x0000025bb44987a0,
0x0000025bb4499480, 0x0000025bb449c690, 0x0000025bb44a4260, 0x0000025bb44a7c70,
0x0000025bb44a8eb0, 0x0000025bb44a2eb0, 0x0000025bb44a1b00, 0x0000025bb44a0de0,
0x0000025bb44a3540, 0x0000025bb44a1470, 0x0000025bb44a2820, 0x0000025bfb674120,
0x0000025bfb66ff80, 0x0000025bfb670ca0, 0x0000025bfb675b60, 0x0000025bfb672050,
0x0000025bfb673400, 0x0000025bfb6747b0, 0x0000025bfb66ebd0, 0x0000025bfb670610,
0x0000025bfb6761f0, 0x0000025bfb66f8f0, 0x0000025bfb66f260, 0x0000025bfb672d70,
0x0000025bfb673a90, 0x0000025bfd8566f0, 0x0000025bfd85cff0, 0x0000025bfd858130,
0x0000025bfd858e50, 0x0000025bfd8594e0, 0x0000025bfd85c2d0, 0x0000025bfd859b70,
0x0000025bfd85a200, 0x0000025bfd85a890, 0x0000025bfd85c960, 0x0000025bfd3dec20,
0x0000025bfd3e0cf0, 0x0000025bfd3db7a0, 0x0000025bfd3dc4c0, 0x0000025bfd3da3f0,
0x0000025bfd3d9d60, 0x0000025bfd3df2b0
}

Java Threads: ( => current thread )
  0x0000025b958d4690 JavaThread "main"                              [_thread_blocked, id=1368, stack(0x000000f75be00000,0x000000f75bf00000) (1024K)]
  0x0000025bb4492f60 JavaThread "Reference Handler"          daemon [_thread_blocked, id=18004, stack(0x000000f75c600000,0x000000f75c700000) (1024K)]
  0x0000025bb4495c90 JavaThread "Finalizer"                  daemon [_thread_blocked, id=18280, stack(0x000000f75c700000,0x000000f75c800000) (1024K)]
  0x0000025bb44987a0 JavaThread "Signal Dispatcher"          daemon [_thread_blocked, id=1340, stack(0x000000f75c800000,0x000000f75c900000) (1024K)]
  0x0000025bb4499480 JavaThread "Attach Listener"            daemon [_thread_blocked, id=17564, stack(0x000000f75c900000,0x000000f75ca00000) (1024K)]
  0x0000025bb449c690 JavaThread "Service Thread"             daemon [_thread_blocked, id=17516, stack(0x000000f75ca00000,0x000000f75cb00000) (1024K)]
  0x0000025bb44a4260 JavaThread "Monitor Deflation Thread"   daemon [_thread_blocked, id=9960, stack(0x000000f75cb00000,0x000000f75cc00000) (1024K)]
=>0x0000025bb44a7c70 JavaThread "C2 CompilerThread0"         daemon [_thread_in_native, id=14828, stack(0x000000f75cc00000,0x000000f75cd00000) (1024K)]
  0x0000025bb44a8eb0 JavaThread "C1 CompilerThread0"         daemon [_thread_in_native, id=16228, stack(0x000000f75cd00000,0x000000f75ce00000) (1024K)]
  0x0000025bb44a2eb0 JavaThread "Common-Cleaner"             daemon [_thread_blocked, id=14616, stack(0x000000f75ce00000,0x000000f75cf00000) (1024K)]
  0x0000025bb44a1b00 JavaThread "Notification Thread"        daemon [_thread_blocked, id=18316, stack(0x000000f75cf00000,0x000000f75d000000) (1024K)]
  0x0000025bb44a0de0 JavaThread "Daemon health stats"               [_thread_blocked, id=2464, stack(0x000000f75d000000,0x000000f75d100000) (1024K)]
  0x0000025bb44a3540 JavaThread "Incoming local TCP Connector on port 61449"        [_thread_in_native, id=14228, stack(0x000000f75d500000,0x000000f75d600000) (1024K)]
  0x0000025bb44a1470 JavaThread "Daemon periodic checks"            [_thread_blocked, id=13288, stack(0x000000f75d600000,0x000000f75d700000) (1024K)]
  0x0000025bb44a2820 JavaThread "Daemon"                            [_thread_blocked, id=18604, stack(0x000000f75d700000,0x000000f75d800000) (1024K)]
  0x0000025bfb674120 JavaThread "Handler for socket connection from /127.0.0.1:61449 to /127.0.0.1:61450"        [_thread_in_native, id=18528, stack(0x000000f75d800000,0x000000f75d900000) (1024K)]
  0x0000025bfb66ff80 JavaThread "Cancel handler"                    [_thread_blocked, id=8168, stack(0x000000f75d900000,0x000000f75da00000) (1024K)]
  0x0000025bfb670ca0 JavaThread "Daemon worker"                     [_thread_in_Java, id=4048, stack(0x000000f75da00000,0x000000f75db00000) (1024K)]
  0x0000025bfb675b60 JavaThread "Asynchronous log dispatcher for DefaultDaemonConnection: socket connection from /127.0.0.1:61449 to /127.0.0.1:61450"        [_thread_blocked, id=7712, stack(0x000000f75db00000,0x000000f75dc00000) (1024K)]
  0x0000025bfb672050 JavaThread "Stdin handler"                     [_thread_blocked, id=8700, stack(0x000000f75dc00000,0x000000f75dd00000) (1024K)]
  0x0000025bfb673400 JavaThread "Daemon client event forwarder"        [_thread_blocked, id=10732, stack(0x000000f75dd00000,0x000000f75de00000) (1024K)]
  0x0000025bfb6747b0 JavaThread "Cache worker for journal cache (C:\Users\Milan\.gradle\caches\journal-1)"        [_thread_blocked, id=4388, stack(0x000000f75de00000,0x000000f75df00000) (1024K)]
  0x0000025bfb66ebd0 JavaThread "File lock request listener"        [_thread_in_native, id=15532, stack(0x000000f75df00000,0x000000f75e000000) (1024K)]
  0x0000025bfb670610 JavaThread "Cache worker for file hash cache (C:\Users\Milan\.gradle\caches\8.7\fileHashes)"        [_thread_blocked, id=2764, stack(0x000000f75e000000,0x000000f75e100000) (1024K)]
  0x0000025bfb6761f0 JavaThread "Cache worker for file hash cache (C:\Users\Milan\AndroidStudioProjects\Proba\.gradle\8.7\fileHashes)"        [_thread_blocked, id=17612, stack(0x000000f75e400000,0x000000f75e500000) (1024K)]
  0x0000025bfb66f8f0 JavaThread "File watcher server"        daemon [_thread_in_native, id=19392, stack(0x000000f75e600000,0x000000f75e700000) (1024K)]
  0x0000025bfb66f260 JavaThread "File watcher consumer"      daemon [_thread_blocked, id=12440, stack(0x000000f75e700000,0x000000f75e800000) (1024K)]
  0x0000025bfb672d70 JavaThread "Cache worker for checksums cache (C:\Users\Milan\AndroidStudioProjects\Proba\.gradle\8.7\checksums)"        [_thread_blocked, id=18704, stack(0x000000f75e800000,0x000000f75e900000) (1024K)]
  0x0000025bfb673a90 JavaThread "Cache worker for cache directory md-supplier (C:\Users\Milan\.gradle\caches\8.7\md-supplier)"        [_thread_blocked, id=5520, stack(0x000000f75e900000,0x000000f75ea00000) (1024K)]
  0x0000025bfd8566f0 JavaThread "Cache worker for cache directory md-rule (C:\Users\Milan\.gradle\caches\8.7\md-rule)"        [_thread_blocked, id=19452, stack(0x000000f75ea00000,0x000000f75eb00000) (1024K)]
  0x0000025bfd85cff0 JavaThread "Cache worker for file content cache (C:\Users\Milan\.gradle\caches\8.7\fileContent)"        [_thread_blocked, id=1352, stack(0x000000f75eb00000,0x000000f75ec00000) (1024K)]
  0x0000025bfd858130 JavaThread "Cache worker for Build Output Cleanup Cache (C:\Users\Milan\AndroidStudioProjects\Proba\.gradle\buildOutputCleanup)"        [_thread_blocked, id=5264, stack(0x000000f75ec00000,0x000000f75ed00000) (1024K)]
  0x0000025bfd858e50 JavaThread "Unconstrained build operations"        [_thread_blocked, id=11764, stack(0x000000f75ee00000,0x000000f75ef00000) (1024K)]
  0x0000025bfd8594e0 JavaThread "Unconstrained build operations Thread 2"        [_thread_blocked, id=16672, stack(0x000000f75ef00000,0x000000f75f000000) (1024K)]
  0x0000025bfd85c2d0 JavaThread "Unconstrained build operations Thread 3"        [_thread_blocked, id=8976, stack(0x000000f75f000000,0x000000f75f100000) (1024K)]
  0x0000025bfd859b70 JavaThread "Unconstrained build operations Thread 4"        [_thread_blocked, id=4940, stack(0x000000f75f100000,0x000000f75f200000) (1024K)]
  0x0000025bfd85a200 JavaThread "Unconstrained build operations Thread 5"        [_thread_blocked, id=3328, stack(0x000000f75f200000,0x000000f75f300000) (1024K)]
  0x0000025bfd85a890 JavaThread "Unconstrained build operations Thread 6"        [_thread_blocked, id=18028, stack(0x000000f75f300000,0x000000f75f400000) (1024K)]
  0x0000025bfd85c960 JavaThread "Unconstrained build operations Thread 7"        [_thread_blocked, id=9432, stack(0x000000f75f400000,0x000000f75f500000) (1024K)]
  0x0000025bfd3dec20 JavaThread "Unconstrained build operations Thread 8"        [_thread_blocked, id=6360, stack(0x000000f75f500000,0x000000f75f600000) (1024K)]
  0x0000025bfd3e0cf0 JavaThread "Unconstrained build operations Thread 9"        [_thread_blocked, id=15032, stack(0x000000f75f600000,0x000000f75f700000) (1024K)]
  0x0000025bfd3db7a0 JavaThread "Unconstrained build operations Thread 10"        [_thread_blocked, id=16828, stack(0x000000f75f700000,0x000000f75f800000) (1024K)]
  0x0000025bfd3dc4c0 JavaThread "Unconstrained build operations Thread 11"        [_thread_blocked, id=16420, stack(0x000000f75f800000,0x000000f75f900000) (1024K)]
  0x0000025bfd3da3f0 JavaThread "Unconstrained build operations Thread 12"        [_thread_blocked, id=10196, stack(0x000000f75f900000,0x000000f75fa00000) (1024K)]
  0x0000025bfd3d9d60 JavaThread "Unconstrained build operations Thread 13"        [_thread_blocked, id=7992, stack(0x000000f75fa00000,0x000000f75fb00000) (1024K)]
  0x0000025bfd3df2b0 JavaThread "Unconstrained build operations Thread 14"        [_thread_blocked, id=12068, stack(0x000000f75fb00000,0x000000f75fc00000) (1024K)]
Total: 46

Other Threads:
  0x0000025bb4471570 VMThread "VM Thread"                           [id=2456, stack(0x000000f75c500000,0x000000f75c600000) (1024K)]
  0x0000025bb4458230 WatcherThread "VM Periodic Task Thread"        [id=2680, stack(0x000000f75c400000,0x000000f75c500000) (1024K)]
  0x0000025b97b35950 WorkerThread "GC Thread#0"                     [id=14396, stack(0x000000f75bf00000,0x000000f75c000000) (1024K)]
  0x0000025bfa9ad270 WorkerThread "GC Thread#1"                     [id=10024, stack(0x000000f75d100000,0x000000f75d200000) (1024K)]
  0x0000025bfab02010 WorkerThread "GC Thread#2"                     [id=14164, stack(0x000000f75d200000,0x000000f75d300000) (1024K)]
  0x0000025bfa87b540 WorkerThread "GC Thread#3"                     [id=13684, stack(0x000000f75d300000,0x000000f75d400000) (1024K)]
  0x0000025bfa87b8e0 WorkerThread "GC Thread#4"                     [id=6448, stack(0x000000f75d400000,0x000000f75d500000) (1024K)]
  0x0000025bfc57fb10 WorkerThread "GC Thread#5"                     [id=15848, stack(0x000000f75e100000,0x000000f75e200000) (1024K)]
  0x0000025bfc57ec90 WorkerThread "GC Thread#6"                     [id=14712, stack(0x000000f75e200000,0x000000f75e300000) (1024K)]
  0x0000025bfc57f770 WorkerThread "GC Thread#7"                     [id=14232, stack(0x000000f75e300000,0x000000f75e400000) (1024K)]
  0x0000025b97b46ae0 ConcurrentGCThread "G1 Main Marker"            [id=17708, stack(0x000000f75c000000,0x000000f75c100000) (1024K)]
  0x0000025b97b47d80 WorkerThread "G1 Conc#0"                       [id=15880, stack(0x000000f75c100000,0x000000f75c200000) (1024K)]
  0x0000025bfc57f3d0 WorkerThread "G1 Conc#1"                       [id=14468, stack(0x000000f75e500000,0x000000f75e600000) (1024K)]
  0x0000025bb432c110 ConcurrentGCThread "G1 Refine#0"               [id=13932, stack(0x000000f75c200000,0x000000f75c300000) (1024K)]
  0x0000025bb432cb90 ConcurrentGCThread "G1 Service"                [id=12340, stack(0x000000f75c300000,0x000000f75c400000) (1024K)]
Total: 15

Threads with active compile tasks:
C2 CompilerThread0    36557 9443       4       java.util.regex.Pattern::split (325 bytes)
C1 CompilerThread0    36557 9609       3       org.jetbrains.kotlin.com.intellij.util.pico.CachingConstructorInjectionComponentAdapter::getComponentInstance (34 bytes)
Total: 2

VM state: not at safepoint (normal execution)

VM Mutex/Monitor currently owned by a thread: None

Heap address: 0x0000000080000000, size: 2048 MB, Compressed Oops mode: 32-bit

CDS archive(s) mapped at: [0x0000025bb5000000-0x0000025bb5c90000-0x0000025bb5c90000), size 13172736, SharedBaseAddress: 0x0000025bb5000000, ArchiveRelocationMode: 1.
Compressed class space mapped at: 0x0000025bb6000000-0x0000025bf6000000, reserved size: 1073741824
Narrow klass base: 0x0000025bb5000000, Narrow klass shift: 0, Narrow klass range: 0x100000000

GC Precious Log:
 CardTable entry size: 512
 Card Set container configuration: InlinePtr #cards 5 size 8 Array Of Cards #cards 12 size 40 Howl #buckets 4 coarsen threshold 1843 Howl Bitmap #cards 512 size 80 coarsen threshold 460 Card regions per heap region 1 cards per card region 2048
 CPUs: 8 total, 8 available
 Memory: 8043M
 Large Page Support: Disabled
 NUMA Support: Disabled
 Compressed Oops: Enabled (32-bit)
 Heap Region Size: 1M
 Heap Min Capacity: 8M
 Heap Initial Capacity: 126M
 Heap Max Capacity: 2G
 Pre-touch: Disabled
 Parallel Workers: 8
 Concurrent Workers: 2
 Concurrent Refinement Workers: 8
 Periodic GC: Disabled

Heap:
 garbage-first heap   total 186368K, used 126052K [0x0000000080000000, 0x0000000100000000)
  region size 1024K, 25 young (25600K), 5 survivors (5120K)
 Metaspace       used 94816K, committed 96896K, reserved 1179648K
  class space    used 12977K, committed 14016K, reserved 1048576K

Heap Regions: E=young(eden), S=young(survivor), O=old, HS=humongous(starts), HC=humongous(continues), CS=collection set, F=free, TAMS=top-at-mark-start, PB=parsable bottom
|   0|0x0000000080000000, 0x0000000080100000, 0x0000000080100000|100%|HS|  |TAMS 0x0000000080000000| PB 0x0000000080000000| Complete 
|   1|0x0000000080100000, 0x0000000080200000, 0x0000000080200000|100%|HC|  |TAMS 0x0000000080100000| PB 0x0000000080100000| Complete 
|   2|0x0000000080200000, 0x0000000080300000, 0x0000000080300000|100%|HC|  |TAMS 0x0000000080200000| PB 0x0000000080200000| Complete 
|   3|0x0000000080300000, 0x0000000080400000, 0x0000000080400000|100%|HC|  |TAMS 0x0000000080300000| PB 0x0000000080300000| Complete 
|   4|0x0000000080400000, 0x0000000080500000, 0x0000000080500000|100%| O|  |TAMS 0x0000000080400000| PB 0x0000000080400000| Untracked 
|   5|0x0000000080500000, 0x0000000080600000, 0x0000000080600000|100%| O|  |TAMS 0x0000000080500000| PB 0x0000000080500000| Untracked 
|   6|0x0000000080600000, 0x0000000080700000, 0x0000000080700000|100%| O|  |TAMS 0x0000000080600000| PB 0x0000000080600000| Untracked 
|   7|0x0000000080700000, 0x0000000080800000, 0x0000000080800000|100%| O|  |TAMS 0x0000000080700000| PB 0x0000000080700000| Untracked 
|   8|0x0000000080800000, 0x0000000080900000, 0x0000000080900000|100%| O|  |TAMS 0x0000000080800000| PB 0x0000000080800000| Untracked 
|   9|0x0000000080900000, 0x0000000080a00000, 0x0000000080a00000|100%| O|  |TAMS 0x0000000080900000| PB 0x0000000080900000| Untracked 
|  10|0x0000000080a00000, 0x0000000080b00000, 0x0000000080b00000|100%| O|  |TAMS 0x0000000080a00000| PB 0x0000000080a00000| Untracked 
|  11|0x0000000080b00000, 0x0000000080c00000, 0x0000000080c00000|100%| O|  |TAMS 0x0000000080b00000| PB 0x0000000080b00000| Untracked 
|  12|0x0000000080c00000, 0x0000000080d00000, 0x0000000080d00000|100%| O|  |TAMS 0x0000000080c00000| PB 0x0000000080c00000| Untracked 
|  13|0x0000000080d00000, 0x0000000080e00000, 0x0000000080e00000|100%| O|  |TAMS 0x0000000080d00000| PB 0x0000000080d00000| Untracked 
|  14|0x0000000080e00000, 0x0000000080f00000, 0x0000000080f00000|100%| O|  |TAMS 0x0000000080e00000| PB 0x0000000080e00000| Untracked 
|  15|0x0000000080f00000, 0x0000000081000000, 0x0000000081000000|100%| O|  |TAMS 0x0000000080f00000| PB 0x0000000080f00000| Untracked 
|  16|0x0000000081000000, 0x0000000081100000, 0x0000000081100000|100%| O|  |TAMS 0x0000000081000000| PB 0x0000000081000000| Untracked 
|  17|0x0000000081100000, 0x0000000081200000, 0x0000000081200000|100%| O|  |TAMS 0x0000000081100000| PB 0x0000000081100000| Untracked 
|  18|0x0000000081200000, 0x0000000081300000, 0x0000000081300000|100%| O|  |TAMS 0x0000000081200000| PB 0x0000000081200000| Untracked 
|  19|0x0000000081300000, 0x0000000081400000, 0x0000000081400000|100%| O|  |TAMS 0x0000000081300000| PB 0x0000000081300000| Untracked 
|  20|0x0000000081400000, 0x0000000081500000, 0x0000000081500000|100%| O|  |TAMS 0x0000000081400000| PB 0x0000000081400000| Untracked 
|  21|0x0000000081500000, 0x0000000081600000, 0x0000000081600000|100%| O|  |TAMS 0x0000000081500000| PB 0x0000000081500000| Untracked 
|  22|0x0000000081600000, 0x0000000081700000, 0x0000000081700000|100%| O|  |TAMS 0x0000000081600000| PB 0x0000000081600000| Untracked 
|  23|0x0000000081700000, 0x0000000081800000, 0x0000000081800000|100%| O|Cm|TAMS 0x0000000081700000| PB 0x0000000081700000| Complete 
|  24|0x0000000081800000, 0x0000000081800000, 0x0000000081900000|  0%| F|  |TAMS 0x0000000081800000| PB 0x0000000081800000| Untracked 
|  25|0x0000000081900000, 0x0000000081a00000, 0x0000000081a00000|100%| O|  |TAMS 0x0000000081900000| PB 0x0000000081900000| Untracked 
|  26|0x0000000081a00000, 0x0000000081b00000, 0x0000000081b00000|100%| O|  |TAMS 0x0000000081a00000| PB 0x0000000081a00000| Untracked 
|  27|0x0000000081b00000, 0x0000000081c00000, 0x0000000081c00000|100%| O|  |TAMS 0x0000000081b00000| PB 0x0000000081b00000| Untracked 
|  28|0x0000000081c00000, 0x0000000081d00000, 0x0000000081d00000|100%| O|  |TAMS 0x0000000081c00000| PB 0x0000000081c00000| Untracked 
|  29|0x0000000081d00000, 0x0000000081e00000, 0x0000000081e00000|100%| O|  |TAMS 0x0000000081d00000| PB 0x0000000081d00000| Untracked 
|  30|0x0000000081e00000, 0x0000000081f00000, 0x0000000081f00000|100%| O|  |TAMS 0x0000000081e00000| PB 0x0000000081e00000| Untracked 
|  31|0x0000000081f00000, 0x0000000082000000, 0x0000000082000000|100%| O|  |TAMS 0x0000000081f00000| PB 0x0000000081f00000| Untracked 
|  32|0x0000000082000000, 0x0000000082100000, 0x0000000082100000|100%| O|  |TAMS 0x0000000082000000| PB 0x0000000082000000| Untracked 
|  33|0x0000000082100000, 0x0000000082200000, 0x0000000082200000|100%| O|  |TAMS 0x0000000082100000| PB 0x0000000082100000| Untracked 
|  34|0x0000000082200000, 0x0000000082300000, 0x0000000082300000|100%| O|  |TAMS 0x0000000082200000| PB 0x0000000082200000| Untracked 
|  35|0x0000000082300000, 0x0000000082400000, 0x0000000082400000|100%| O|  |TAMS 0x0000000082300000| PB 0x0000000082300000| Untracked 
|  36|0x0000000082400000, 0x0000000082500000, 0x0000000082500000|100%| O|  |TAMS 0x0000000082400000| PB 0x0000000082400000| Untracked 
|  37|0x0000000082500000, 0x0000000082600000, 0x0000000082600000|100%| O|  |TAMS 0x0000000082500000| PB 0x0000000082500000| Untracked 
|  38|0x0000000082600000, 0x0000000082700000, 0x0000000082700000|100%| O|  |TAMS 0x0000000082600000| PB 0x0000000082600000| Untracked 
|  39|0x0000000082700000, 0x0000000082800000, 0x0000000082800000|100%| O|  |TAMS 0x0000000082700000| PB 0x0000000082700000| Untracked 
|  40|0x0000000082800000, 0x0000000082900000, 0x0000000082900000|100%| O|  |TAMS 0x0000000082800000| PB 0x0000000082800000| Untracked 
|  41|0x0000000082900000, 0x0000000082a00000, 0x0000000082a00000|100%| O|  |TAMS 0x0000000082900000| PB 0x0000000082900000| Untracked 
|  42|0x0000000082a00000, 0x0000000082b00000, 0x0000000082b00000|100%| O|  |TAMS 0x0000000082a00000| PB 0x0000000082a00000| Untracked 
|  43|0x0000000082b00000, 0x0000000082c00000, 0x0000000082c00000|100%| O|  |TAMS 0x0000000082b00000| PB 0x0000000082b00000| Untracked 
|  44|0x0000000082c00000, 0x0000000082d00000, 0x0000000082d00000|100%| O|  |TAMS 0x0000000082c00000| PB 0x0000000082c00000| Untracked 
|  45|0x0000000082d00000, 0x0000000082e00000, 0x0000000082e00000|100%| O|  |TAMS 0x0000000082d00000| PB 0x0000000082d00000| Untracked 
|  46|0x0000000082e00000, 0x0000000082f00000, 0x0000000082f00000|100%| O|  |TAMS 0x0000000082e00000| PB 0x0000000082e00000| Untracked 
|  47|0x0000000082f00000, 0x0000000083000000, 0x0000000083000000|100%| O|  |TAMS 0x0000000082f00000| PB 0x0000000082f00000| Untracked 
|  48|0x0000000083000000, 0x0000000083100000, 0x0000000083100000|100%| O|  |TAMS 0x0000000083000000| PB 0x0000000083000000| Untracked 
|  49|0x0000000083100000, 0x0000000083200000, 0x0000000083200000|100%| O|  |TAMS 0x0000000083100000| PB 0x0000000083100000| Untracked 
|  50|0x0000000083200000, 0x0000000083300000, 0x0000000083300000|100%| O|  |TAMS 0x0000000083200000| PB 0x0000000083200000| Untracked 
|  51|0x0000000083300000, 0x0000000083400000, 0x0000000083400000|100%| O|  |TAMS 0x0000000083300000| PB 0x0000000083300000| Untracked 
|  52|0x0000000083400000, 0x0000000083500000, 0x0000000083500000|100%| O|  |TAMS 0x0000000083400000| PB 0x0000000083400000| Untracked 
|  53|0x0000000083500000, 0x0000000083600000, 0x0000000083600000|100%| O|  |TAMS 0x0000000083500000| PB 0x0000000083500000| Untracked 
|  54|0x0000000083600000, 0x0000000083700000, 0x0000000083700000|100%| O|Cm|TAMS 0x0000000083600000| PB 0x0000000083600000| Complete 
|  55|0x0000000083700000, 0x0000000083800000, 0x0000000083800000|100%|HS|  |TAMS 0x0000000083700000| PB 0x0000000083700000| Complete 
|  56|0x0000000083800000, 0x0000000083900000, 0x0000000083900000|100%|HS|  |TAMS 0x0000000083800000| PB 0x0000000083800000| Complete 
|  57|0x0000000083900000, 0x0000000083a00000, 0x0000000083a00000|100%|HS|  |TAMS 0x0000000083900000| PB 0x0000000083900000| Complete 
|  58|0x0000000083a00000, 0x0000000083b00000, 0x0000000083b00000|100%| O|  |TAMS 0x0000000083a00000| PB 0x0000000083a00000| Untracked 
|  59|0x0000000083b00000, 0x0000000083c00000, 0x0000000083c00000|100%| O|  |TAMS 0x0000000083b00000| PB 0x0000000083b00000| Untracked 
|  60|0x0000000083c00000, 0x0000000083d00000, 0x0000000083d00000|100%| O|  |TAMS 0x0000000083c00000| PB 0x0000000083c00000| Untracked 
|  61|0x0000000083d00000, 0x0000000083e00000, 0x0000000083e00000|100%| O|  |TAMS 0x0000000083d00000| PB 0x0000000083d00000| Untracked 
|  62|0x0000000083e00000, 0x0000000083f00000, 0x0000000083f00000|100%| O|  |TAMS 0x0000000083e00000| PB 0x0000000083e00000| Untracked 
|  63|0x0000000083f00000, 0x0000000084000000, 0x0000000084000000|100%| O|  |TAMS 0x0000000083f00000| PB 0x0000000083f00000| Untracked 
|  64|0x0000000084000000, 0x0000000084000000, 0x0000000084100000|  0%| F|  |TAMS 0x0000000084000000| PB 0x0000000084000000| Untracked 
|  65|0x0000000084100000, 0x0000000084200000, 0x0000000084200000|100%| O|  |TAMS 0x0000000084100000| PB 0x0000000084100000| Untracked 
|  66|0x0000000084200000, 0x0000000084300000, 0x0000000084300000|100%| O|  |TAMS 0x0000000084200000| PB 0x0000000084200000| Untracked 
|  67|0x0000000084300000, 0x0000000084400000, 0x0000000084400000|100%| O|  |TAMS 0x0000000084300000| PB 0x0000000084300000| Untracked 
|  68|0x0000000084400000, 0x0000000084500000, 0x0000000084500000|100%| O|  |TAMS 0x0000000084400000| PB 0x0000000084400000| Untracked 
|  69|0x0000000084500000, 0x0000000084600000, 0x0000000084600000|100%| O|  |TAMS 0x0000000084500000| PB 0x0000000084500000| Untracked 
|  70|0x0000000084600000, 0x0000000084700000, 0x0000000084700000|100%| O|  |TAMS 0x0000000084600000| PB 0x0000000084600000| Untracked 
|  71|0x0000000084700000, 0x0000000084800000, 0x0000000084800000|100%| O|  |TAMS 0x0000000084700000| PB 0x0000000084700000| Untracked 
|  72|0x0000000084800000, 0x0000000084900000, 0x0000000084900000|100%| O|  |TAMS 0x0000000084800000| PB 0x0000000084800000| Untracked 
|  73|0x0000000084900000, 0x0000000084a00000, 0x0000000084a00000|100%| O|  |TAMS 0x0000000084900000| PB 0x0000000084900000| Untracked 
|  74|0x0000000084a00000, 0x0000000084b00000, 0x0000000084b00000|100%|HS|  |TAMS 0x0000000084a00000| PB 0x0000000084a00000| Complete 
|  75|0x0000000084b00000, 0x0000000084c00000, 0x0000000084c00000|100%|HC|  |TAMS 0x0000000084b00000| PB 0x0000000084b00000| Complete 
|  76|0x0000000084c00000, 0x0000000084d00000, 0x0000000084d00000|100%|HC|  |TAMS 0x0000000084c00000| PB 0x0000000084c00000| Complete 
|  77|0x0000000084d00000, 0x0000000084e00000, 0x0000000084e00000|100%|HC|  |TAMS 0x0000000084d00000| PB 0x0000000084d00000| Complete 
|  78|0x0000000084e00000, 0x0000000084f00000, 0x0000000084f00000|100%|HC|  |TAMS 0x0000000084e00000| PB 0x0000000084e00000| Complete 
|  79|0x0000000084f00000, 0x0000000085000000, 0x0000000085000000|100%|HC|  |TAMS 0x0000000084f00000| PB 0x0000000084f00000| Complete 
|  80|0x0000000085000000, 0x0000000085100000, 0x0000000085100000|100%|HS|  |TAMS 0x0000000085000000| PB 0x0000000085000000| Complete 
|  81|0x0000000085100000, 0x0000000085200000, 0x0000000085200000|100%|HC|  |TAMS 0x0000000085100000| PB 0x0000000085100000| Complete 
|  82|0x0000000085200000, 0x0000000085300000, 0x0000000085300000|100%| O|  |TAMS 0x0000000085200000| PB 0x0000000085200000| Untracked 
|  83|0x0000000085300000, 0x0000000085400000, 0x0000000085400000|100%|HS|  |TAMS 0x0000000085300000| PB 0x0000000085300000| Complete 
|  84|0x0000000085400000, 0x0000000085500000, 0x0000000085500000|100%|HC|  |TAMS 0x0000000085400000| PB 0x0000000085400000| Complete 
|  85|0x0000000085500000, 0x0000000085600000, 0x0000000085600000|100%|HC|  |TAMS 0x0000000085500000| PB 0x0000000085500000| Complete 
|  86|0x0000000085600000, 0x0000000085700000, 0x0000000085700000|100%|HC|  |TAMS 0x0000000085600000| PB 0x0000000085600000| Complete 
|  87|0x0000000085700000, 0x0000000085800000, 0x0000000085800000|100%| O|  |TAMS 0x0000000085700000| PB 0x0000000085700000| Untracked 
|  88|0x0000000085800000, 0x0000000085900000, 0x0000000085900000|100%| O|  |TAMS 0x0000000085800000| PB 0x0000000085800000| Untracked 
|  89|0x0000000085900000, 0x0000000085a00000, 0x0000000085a00000|100%| O|  |TAMS 0x0000000085900000| PB 0x0000000085900000| Untracked 
|  90|0x0000000085a00000, 0x0000000085b00000, 0x0000000085b00000|100%| O|  |TAMS 0x0000000085a00000| PB 0x0000000085a00000| Untracked 
|  91|0x0000000085b00000, 0x0000000085c00000, 0x0000000085c00000|100%| O|  |TAMS 0x0000000085b00000| PB 0x0000000085b00000| Untracked 
|  92|0x0000000085c00000, 0x0000000085c00000, 0x0000000085d00000|  0%| F|  |TAMS 0x0000000085c00000| PB 0x0000000085c00000| Untracked 
|  93|0x0000000085d00000, 0x0000000085d00000, 0x0000000085e00000|  0%| F|  |TAMS 0x0000000085d00000| PB 0x0000000085d00000| Untracked 
|  94|0x0000000085e00000, 0x0000000085e00000, 0x0000000085f00000|  0%| F|  |TAMS 0x0000000085e00000| PB 0x0000000085e00000| Untracked 
|  95|0x0000000085f00000, 0x0000000085f00000, 0x0000000086000000|  0%| F|  |TAMS 0x0000000085f00000| PB 0x0000000085f00000| Untracked 
|  96|0x0000000086000000, 0x0000000086000000, 0x0000000086100000|  0%| F|  |TAMS 0x0000000086000000| PB 0x0000000086000000| Untracked 
|  97|0x0000000086100000, 0x0000000086100000, 0x0000000086200000|  0%| F|  |TAMS 0x0000000086100000| PB 0x0000000086100000| Untracked 
|  98|0x0000000086200000, 0x0000000086200000, 0x0000000086300000|  0%| F|  |TAMS 0x0000000086200000| PB 0x0000000086200000| Untracked 
|  99|0x0000000086300000, 0x0000000086400000, 0x0000000086400000|100%| O|  |TAMS 0x0000000086300000| PB 0x0000000086300000| Untracked 
| 100|0x0000000086400000, 0x0000000086500000, 0x0000000086500000|100%| O|  |TAMS 0x0000000086400000| PB 0x0000000086400000| Untracked 
| 101|0x0000000086500000, 0x0000000086600000, 0x0000000086600000|100%| O|  |TAMS 0x0000000086500000| PB 0x0000000086500000| Untracked 
| 102|0x0000000086600000, 0x0000000086700000, 0x0000000086700000|100%| O|  |TAMS 0x0000000086600000| PB 0x0000000086600000| Untracked 
| 103|0x0000000086700000, 0x0000000086800000, 0x0000000086800000|100%| O|  |TAMS 0x0000000086700000| PB 0x0000000086700000| Untracked 
| 104|0x0000000086800000, 0x0000000086900000, 0x0000000086900000|100%| O|  |TAMS 0x0000000086800000| PB 0x0000000086800000| Untracked 
| 105|0x0000000086900000, 0x00000000869e3d60, 0x0000000086a00000| 88%| O|  |TAMS 0x0000000086900000| PB 0x0000000086900000| Untracked 
| 106|0x0000000086a00000, 0x0000000086a00000, 0x0000000086b00000|  0%| F|  |TAMS 0x0000000086a00000| PB 0x0000000086a00000| Untracked 
| 107|0x0000000086b00000, 0x0000000086b00000, 0x0000000086c00000|  0%| F|  |TAMS 0x0000000086b00000| PB 0x0000000086b00000| Untracked 
| 108|0x0000000086c00000, 0x0000000086c00000, 0x0000000086d00000|  0%| F|  |TAMS 0x0000000086c00000| PB 0x0000000086c00000| Untracked 
| 109|0x0000000086d00000, 0x0000000086d353e8, 0x0000000086e00000| 20%| S|CS|TAMS 0x0000000086d00000| PB 0x0000000086d00000| Complete 
| 110|0x0000000086e00000, 0x0000000086f00000, 0x0000000086f00000|100%| S|CS|TAMS 0x0000000086e00000| PB 0x0000000086e00000| Complete 
| 111|0x0000000086f00000, 0x0000000087000000, 0x0000000087000000|100%| S|CS|TAMS 0x0000000086f00000| PB 0x0000000086f00000| Complete 
| 112|0x0000000087000000, 0x0000000087100000, 0x0000000087100000|100%| S|CS|TAMS 0x0000000087000000| PB 0x0000000087000000| Complete 
| 113|0x0000000087100000, 0x0000000087100000, 0x0000000087200000|  0%| F|  |TAMS 0x0000000087100000| PB 0x0000000087100000| Untracked 
| 114|0x0000000087200000, 0x0000000087200000, 0x0000000087300000|  0%| F|  |TAMS 0x0000000087200000| PB 0x0000000087200000| Untracked 
| 115|0x0000000087300000, 0x0000000087300000, 0x0000000087400000|  0%| F|  |TAMS 0x0000000087300000| PB 0x0000000087300000| Untracked 
| 116|0x0000000087400000, 0x0000000087500000, 0x0000000087500000|100%| S|CS|TAMS 0x0000000087400000| PB 0x0000000087400000| Complete 
| 117|0x0000000087500000, 0x0000000087500000, 0x0000000087600000|  0%| F|  |TAMS 0x0000000087500000| PB 0x0000000087500000| Untracked 
| 118|0x0000000087600000, 0x0000000087600000, 0x0000000087700000|  0%| F|  |TAMS 0x0000000087600000| PB 0x0000000087600000| Untracked 
| 119|0x0000000087700000, 0x0000000087700000, 0x0000000087800000|  0%| F|  |TAMS 0x0000000087700000| PB 0x0000000087700000| Untracked 
| 120|0x0000000087800000, 0x0000000087800000, 0x0000000087900000|  0%| F|  |TAMS 0x0000000087800000| PB 0x0000000087800000| Untracked 
| 121|0x0000000087900000, 0x0000000087900000, 0x0000000087a00000|  0%| F|  |TAMS 0x0000000087900000| PB 0x0000000087900000| Untracked 
| 122|0x0000000087a00000, 0x0000000087a00000, 0x0000000087b00000|  0%| F|  |TAMS 0x0000000087a00000| PB 0x0000000087a00000| Untracked 
| 123|0x0000000087b00000, 0x0000000087b00000, 0x0000000087c00000|  0%| F|  |TAMS 0x0000000087b00000| PB 0x0000000087b00000| Untracked 
| 124|0x0000000087c00000, 0x0000000087c00000, 0x0000000087d00000|  0%| F|  |TAMS 0x0000000087c00000| PB 0x0000000087c00000| Untracked 
| 125|0x0000000087d00000, 0x0000000087d00000, 0x0000000087e00000|  0%| F|  |TAMS 0x0000000087d00000| PB 0x0000000087d00000| Untracked 
| 126|0x0000000087e00000, 0x0000000087e00000, 0x0000000087f00000|  0%| F|  |TAMS 0x0000000087e00000| PB 0x0000000087e00000| Untracked 
| 127|0x0000000087f00000, 0x0000000087f00000, 0x0000000088000000|  0%| F|  |TAMS 0x0000000087f00000| PB 0x0000000087f00000| Untracked 
| 128|0x0000000088000000, 0x0000000088000000, 0x0000000088100000|  0%| F|  |TAMS 0x0000000088000000| PB 0x0000000088000000| Untracked 
| 129|0x0000000088100000, 0x0000000088100000, 0x0000000088200000|  0%| F|  |TAMS 0x0000000088100000| PB 0x0000000088100000| Untracked 
| 130|0x0000000088200000, 0x0000000088200000, 0x0000000088300000|  0%| F|  |TAMS 0x0000000088200000| PB 0x0000000088200000| Untracked 
| 131|0x0000000088300000, 0x0000000088300000, 0x0000000088400000|  0%| F|  |TAMS 0x0000000088300000| PB 0x0000000088300000| Untracked 
| 132|0x0000000088400000, 0x0000000088400000, 0x0000000088500000|  0%| F|  |TAMS 0x0000000088400000| PB 0x0000000088400000| Untracked 
| 133|0x0000000088500000, 0x0000000088500000, 0x0000000088600000|  0%| F|  |TAMS 0x0000000088500000| PB 0x0000000088500000| Untracked 
| 134|0x0000000088600000, 0x0000000088600000, 0x0000000088700000|  0%| F|  |TAMS 0x0000000088600000| PB 0x0000000088600000| Untracked 
| 135|0x0000000088700000, 0x0000000088700000, 0x0000000088800000|  0%| F|  |TAMS 0x0000000088700000| PB 0x0000000088700000| Untracked 
| 136|0x0000000088800000, 0x0000000088800000, 0x0000000088900000|  0%| F|  |TAMS 0x0000000088800000| PB 0x0000000088800000| Untracked 
| 137|0x0000000088900000, 0x0000000088900000, 0x0000000088a00000|  0%| F|  |TAMS 0x0000000088900000| PB 0x0000000088900000| Untracked 
| 138|0x0000000088a00000, 0x0000000088a00000, 0x0000000088b00000|  0%| F|  |TAMS 0x0000000088a00000| PB 0x0000000088a00000| Untracked 
| 139|0x0000000088b00000, 0x0000000088b00000, 0x0000000088c00000|  0%| F|  |TAMS 0x0000000088b00000| PB 0x0000000088b00000| Untracked 
| 140|0x0000000088c00000, 0x0000000088c00000, 0x0000000088d00000|  0%| F|  |TAMS 0x0000000088c00000| PB 0x0000000088c00000| Untracked 
| 141|0x0000000088d00000, 0x0000000088d00000, 0x0000000088e00000|  0%| F|  |TAMS 0x0000000088d00000| PB 0x0000000088d00000| Untracked 
| 142|0x0000000088e00000, 0x0000000088e00000, 0x0000000088f00000|  0%| F|  |TAMS 0x0000000088e00000| PB 0x0000000088e00000| Untracked 
| 143|0x0000000088f00000, 0x0000000088f00000, 0x0000000089000000|  0%| F|  |TAMS 0x0000000088f00000| PB 0x0000000088f00000| Untracked 
| 144|0x0000000089000000, 0x0000000089000000, 0x0000000089100000|  0%| F|  |TAMS 0x0000000089000000| PB 0x0000000089000000| Untracked 
| 145|0x0000000089100000, 0x0000000089100000, 0x0000000089200000|  0%| F|  |TAMS 0x0000000089100000| PB 0x0000000089100000| Untracked 
| 146|0x0000000089200000, 0x0000000089200000, 0x0000000089300000|  0%| F|  |TAMS 0x0000000089200000| PB 0x0000000089200000| Untracked 
| 147|0x0000000089300000, 0x0000000089300000, 0x0000000089400000|  0%| F|  |TAMS 0x0000000089300000| PB 0x0000000089300000| Untracked 
| 148|0x0000000089400000, 0x0000000089400000, 0x0000000089500000|  0%| F|  |TAMS 0x0000000089400000| PB 0x0000000089400000| Untracked 
| 149|0x0000000089500000, 0x0000000089500000, 0x0000000089600000|  0%| F|  |TAMS 0x0000000089500000| PB 0x0000000089500000| Untracked 
| 150|0x0000000089600000, 0x0000000089600000, 0x0000000089700000|  0%| F|  |TAMS 0x0000000089600000| PB 0x0000000089600000| Untracked 
| 151|0x0000000089700000, 0x0000000089700000, 0x0000000089800000|  0%| F|  |TAMS 0x0000000089700000| PB 0x0000000089700000| Untracked 
| 152|0x0000000089800000, 0x0000000089800000, 0x0000000089900000|  0%| F|  |TAMS 0x0000000089800000| PB 0x0000000089800000| Untracked 
| 153|0x0000000089900000, 0x0000000089a00000, 0x0000000089a00000|100%| E|CS|TAMS 0x0000000089900000| PB 0x0000000089900000| Complete 
| 154|0x0000000089a00000, 0x0000000089b00000, 0x0000000089b00000|100%| E|CS|TAMS 0x0000000089a00000| PB 0x0000000089a00000| Complete 
| 155|0x0000000089b00000, 0x0000000089b00000, 0x0000000089c00000|  0%| F|  |TAMS 0x0000000089b00000| PB 0x0000000089b00000| Untracked 
| 156|0x0000000089c00000, 0x0000000089c00000, 0x0000000089d00000|  0%| F|  |TAMS 0x0000000089c00000| PB 0x0000000089c00000| Untracked 
| 157|0x0000000089d00000, 0x0000000089d00000, 0x0000000089e00000|  0%| F|  |TAMS 0x0000000089d00000| PB 0x0000000089d00000| Untracked 
| 158|0x0000000089e00000, 0x0000000089e00000, 0x0000000089f00000|  0%| F|  |TAMS 0x0000000089e00000| PB 0x0000000089e00000| Untracked 
| 159|0x0000000089f00000, 0x0000000089f80800, 0x000000008a000000| 50%| E|  |TAMS 0x0000000089f00000| PB 0x0000000089f00000| Complete 
| 160|0x000000008a000000, 0x000000008a100000, 0x000000008a100000|100%| E|CS|TAMS 0x000000008a000000| PB 0x000000008a000000| Complete 
| 161|0x000000008a100000, 0x000000008a200000, 0x000000008a200000|100%| E|CS|TAMS 0x000000008a100000| PB 0x000000008a100000| Complete 
| 162|0x000000008a200000, 0x000000008a300000, 0x000000008a300000|100%| E|CS|TAMS 0x000000008a200000| PB 0x000000008a200000| Complete 
| 163|0x000000008a300000, 0x000000008a400000, 0x000000008a400000|100%| E|CS|TAMS 0x000000008a300000| PB 0x000000008a300000| Complete 
| 164|0x000000008a400000, 0x000000008a500000, 0x000000008a500000|100%| E|CS|TAMS 0x000000008a400000| PB 0x000000008a400000| Complete 
| 165|0x000000008a500000, 0x000000008a600000, 0x000000008a600000|100%| E|CS|TAMS 0x000000008a500000| PB 0x000000008a500000| Complete 
| 166|0x000000008a600000, 0x000000008a700000, 0x000000008a700000|100%| E|CS|TAMS 0x000000008a600000| PB 0x000000008a600000| Complete 
| 167|0x000000008a700000, 0x000000008a800000, 0x000000008a800000|100%| E|CS|TAMS 0x000000008a700000| PB 0x000000008a700000| Complete 
| 168|0x000000008a800000, 0x000000008a900000, 0x000000008a900000|100%| E|CS|TAMS 0x000000008a800000| PB 0x000000008a800000| Complete 
| 169|0x000000008a900000, 0x000000008aa00000, 0x000000008aa00000|100%| E|CS|TAMS 0x000000008a900000| PB 0x000000008a900000| Complete 
| 170|0x000000008aa00000, 0x000000008ab00000, 0x000000008ab00000|100%| E|CS|TAMS 0x000000008aa00000| PB 0x000000008aa00000| Complete 
| 171|0x000000008ab00000, 0x000000008ac00000, 0x000000008ac00000|100%| E|CS|TAMS 0x000000008ab00000| PB 0x000000008ab00000| Complete 
| 172|0x000000008ac00000, 0x000000008ad00000, 0x000000008ad00000|100%| E|CS|TAMS 0x000000008ac00000| PB 0x000000008ac00000| Complete 
| 173|0x000000008ad00000, 0x000000008ae00000, 0x000000008ae00000|100%| E|CS|TAMS 0x000000008ad00000| PB 0x000000008ad00000| Complete 
| 174|0x000000008ae00000, 0x000000008af00000, 0x000000008af00000|100%| E|CS|TAMS 0x000000008ae00000| PB 0x000000008ae00000| Complete 
| 175|0x000000008af00000, 0x000000008b000000, 0x000000008b000000|100%| E|CS|TAMS 0x000000008af00000| PB 0x000000008af00000| Complete 
| 176|0x000000008b000000, 0x000000008b100000, 0x000000008b100000|100%| E|CS|TAMS 0x000000008b000000| PB 0x000000008b000000| Complete 
|2043|0x00000000ffb00000, 0x00000000ffc00000, 0x00000000ffc00000|100%| E|CS|TAMS 0x00000000ffb00000| PB 0x00000000ffb00000| Complete 
|2044|0x00000000ffc00000, 0x00000000ffd00000, 0x00000000ffd00000|100%| E|CS|TAMS 0x00000000ffc00000| PB 0x00000000ffc00000| Complete 
|2045|0x00000000ffd00000, 0x00000000ffe00000, 0x00000000ffe00000|100%| O|  |TAMS 0x00000000ffd00000| PB 0x00000000ffd00000| Untracked 
|2046|0x00000000ffe00000, 0x00000000fff00000, 0x00000000fff00000|100%| O|  |TAMS 0x00000000ffe00000| PB 0x00000000ffe00000| Untracked 
|2047|0x00000000fff00000, 0x0000000100000000, 0x0000000100000000|100%| O|  |TAMS 0x00000000fff00000| PB 0x00000000fff00000| Untracked 

Card table byte_map: [0x0000025baf670000,0x0000025bafa70000] _byte_map_base: 0x0000025baf270000

Marking Bits: (CMBitMap*) 0x0000025b97b36050
 Bits: [0x0000025bafa70000, 0x0000025bb1a70000)

Polling page: 0x0000025b95a60000

Metaspace:

Usage:
  Non-class:     79.94 MB used.
      Class:     12.67 MB used.
       Both:     92.62 MB used.

Virtual space:
  Non-class space:      128.00 MB reserved,      81.00 MB ( 63%) committed,  2 nodes.
      Class space:        1.00 GB reserved,      13.69 MB (  1%) committed,  1 nodes.
             Both:        1.12 GB reserved,      94.69 MB (  8%) committed. 

Chunk freelists:
   Non-Class:  14.80 MB
       Class:  2.25 MB
        Both:  17.05 MB

MaxMetaspaceSize: unlimited
CompressedClassSpaceSize: 1.00 GB
Initial GC threshold: 21.00 MB
Current GC threshold: 154.81 MB
CDS: on
 - commit_granule_bytes: 65536.
 - commit_granule_words: 8192.
 - virtual_space_node_default_size: 8388608.
 - enlarge_chunks_in_place: 1.
 - use_allocation_guard: 0.


Internal statistics:

num_allocs_failed_limit: 12.
num_arena_births: 3822.
num_arena_deaths: 0.
num_vsnodes_births: 3.
num_vsnodes_deaths: 0.
num_space_committed: 1513.
num_space_uncommitted: 0.
num_chunks_returned_to_freelist: 12.
num_chunks_taken_from_freelist: 7691.
num_chunk_merges: 12.
num_chunk_splits: 5315.
num_chunks_enlarged: 3563.
num_inconsistent_stats: 0.

CodeHeap 'non-profiled nmethods': size=120000Kb used=3771Kb max_used=3826Kb free=116228Kb
 bounds [0x0000025ba7a10000, 0x0000025ba7dd0000, 0x0000025baef40000]
CodeHeap 'profiled nmethods': size=120000Kb used=14957Kb max_used=14957Kb free=105042Kb
 bounds [0x0000025b9ff40000, 0x0000025ba0de0000, 0x0000025ba7470000]
CodeHeap 'non-nmethods': size=5760Kb used=2176Kb max_used=2244Kb free=3583Kb
 bounds [0x0000025ba7470000, 0x0000025ba76e0000, 0x0000025ba7a10000]
 total_blobs=8941 nmethods=8054 adapters=790
 compilation: enabled
              stopped_count=0, restarted_count=0
 full_count=0

Compilation events (20 events):
Event: 36.444 Thread 0x0000025bb44a8eb0 nmethod 9530 0x0000025ba0d89610 code [0x0000025ba0d898c0, 0x0000025ba0d8a498]
Event: 36.444 Thread 0x0000025bb44a8eb0 9531       3       org.jetbrains.kotlin.resolve.QualifiedExpressionResolver$QualifierPart::<init> (31 bytes)
Event: 36.446 Thread 0x0000025bb44a8eb0 nmethod 9531 0x0000025ba0d8a890 code [0x0000025ba0d8ab40, 0x0000025ba0d8b830]
Event: 36.446 Thread 0x0000025bb44a8eb0 9532       3       java.util.ArrayList$SubList$1::hasPrevious (13 bytes)
Event: 36.446 Thread 0x0000025bb44a8eb0 nmethod 9532 0x0000025ba0c96290 code [0x0000025ba0c96420, 0x0000025ba0c96590]
Event: 36.446 Thread 0x0000025bb44a8eb0 9533       3       java.util.ArrayList$SubList$1::previous (78 bytes)
Event: 36.446 Thread 0x0000025bb44a8eb0 nmethod 9533 0x0000025ba0d8bc90 code [0x0000025ba0d8be80, 0x0000025ba0d8c380]
Event: 36.447 Thread 0x0000025bb44a8eb0 9534       3       org.jetbrains.kotlin.resolve.QualifiedExpressionResolver::storeResult$default (25 bytes)
Event: 36.447 Thread 0x0000025bb44a8eb0 nmethod 9534 0x0000025ba0d8c610 code [0x0000025ba0d8c7c0, 0x0000025ba0d8c938]
Event: 36.447 Thread 0x0000025bb44a8eb0 9535       3       org.jetbrains.kotlin.resolve.QualifiedExpressionResolver::storeResult (211 bytes)
Event: 36.449 Thread 0x0000025bb44a8eb0 nmethod 9535 0x0000025ba0d8ca10 code [0x0000025ba0d8ce20, 0x0000025ba0d8ee38]
Event: 36.449 Thread 0x0000025bb44a8eb0 9536       3       org.jetbrains.kotlin.descriptors.impl.LazyPackageViewDescriptorImpl::getContainingDeclaration (35 bytes)
Event: 36.451 Thread 0x0000025bb44a8eb0 nmethod 9536 0x0000025ba0d8f590 code [0x0000025ba0d8f840, 0x0000025ba0d90468]
Event: 36.451 Thread 0x0000025bb44a8eb0 9537       3       java.util.ArrayList$SubList::iterator (5 bytes)
Event: 36.452 Thread 0x0000025bb44a8eb0 nmethod 9537 0x0000025ba0d90910 code [0x0000025ba0d90b20, 0x0000025ba0d91188]
Event: 36.452 Thread 0x0000025bb44a8eb0 9538       3       org.jetbrains.kotlin.config.AnalysisFlag$Delegate::getValue (11 bytes)
Event: 36.453 Thread 0x0000025bb44a8eb0 nmethod 9538 0x0000025ba0d91410 code [0x0000025ba0d91620, 0x0000025ba0d91bd8]
Event: 36.453 Thread 0x0000025bb44a8eb0 9539       3       java.util.ArrayList$SubList::subList (20 bytes)
Event: 36.453 Thread 0x0000025bb44a8eb0 nmethod 9539 0x0000025ba0d91e10 code [0x0000025ba0d91fc0, 0x0000025ba0d921c8]
Event: 36.453 Thread 0x0000025bb44a8eb0 9540       3       java.util.ArrayList$SubList::<init> (43 bytes)

GC Heap History (20 events):
Event: 27.814 GC heap before
{Heap before GC invocations=17 (full 0):
 garbage-first heap   total 90112K, used 82557K [0x0000000080000000, 0x0000000100000000)
  region size 1024K, 35 young (35840K), 2 survivors (2048K)
 Metaspace       used 73267K, committed 75008K, reserved 1114112K
  class space    used 10525K, committed 11392K, reserved 1048576K
}
Event: 27.827 GC heap after
{Heap after GC invocations=18 (full 0):
 garbage-first heap   total 90112K, used 49461K [0x0000000080000000, 0x0000000100000000)
  region size 1024K, 3 young (3072K), 3 survivors (3072K)
 Metaspace       used 73267K, committed 75008K, reserved 1114112K
  class space    used 10525K, committed 11392K, reserved 1048576K
}
Event: 29.352 GC heap before
{Heap before GC invocations=19 (full 0):
 garbage-first heap   total 99328K, used 86325K [0x0000000080000000, 0x0000000100000000)
  region size 1024K, 33 young (33792K), 3 survivors (3072K)
 Metaspace       used 73631K, committed 75456K, reserved 1114112K
  class space    used 10539K, committed 11392K, reserved 1048576K
}
Event: 29.380 GC heap after
{Heap after GC invocations=20 (full 0):
 garbage-first heap   total 100352K, used 65858K [0x0000000080000000, 0x0000000100000000)
  region size 1024K, 5 young (5120K), 5 survivors (5120K)
 Metaspace       used 73631K, committed 75456K, reserved 1114112K
  class space    used 10539K, committed 11392K, reserved 1048576K
}
Event: 29.975 GC heap before
{Heap before GC invocations=20 (full 0):
 garbage-first heap   total 100352K, used 92482K [0x0000000080000000, 0x0000000100000000)
  region size 1024K, 27 young (27648K), 5 survivors (5120K)
 Metaspace       used 73633K, committed 75456K, reserved 1114112K
  class space    used 10539K, committed 11392K, reserved 1048576K
}
Event: 29.994 GC heap after
{Heap after GC invocations=21 (full 0):
 garbage-first heap   total 106496K, used 67412K [0x0000000080000000, 0x0000000100000000)
  region size 1024K, 4 young (4096K), 4 survivors (4096K)
 Metaspace       used 73633K, committed 75456K, reserved 1114112K
  class space    used 10539K, committed 11392K, reserved 1048576K
}
Event: 30.009 GC heap before
{Heap before GC invocations=21 (full 0):
 garbage-first heap   total 106496K, used 68436K [0x0000000080000000, 0x0000000100000000)
  region size 1024K, 6 young (6144K), 4 survivors (4096K)
 Metaspace       used 73633K, committed 75456K, reserved 1114112K
  class space    used 10539K, committed 11392K, reserved 1048576K
}
Event: 30.015 GC heap after
{Heap after GC invocations=22 (full 0):
 garbage-first heap   total 106496K, used 68747K [0x0000000080000000, 0x0000000100000000)
  region size 1024K, 1 young (1024K), 1 survivors (1024K)
 Metaspace       used 73633K, committed 75456K, reserved 1114112K
  class space    used 10539K, committed 11392K, reserved 1048576K
}
Event: 30.348 GC heap before
{Heap before GC invocations=23 (full 0):
 garbage-first heap   total 128000K, used 96395K [0x0000000080000000, 0x0000000100000000)
  region size 1024K, 23 young (23552K), 1 survivors (1024K)
 Metaspace       used 73636K, committed 75456K, reserved 1114112K
  class space    used 10540K, committed 11392K, reserved 1048576K
}
Event: 30.357 GC heap after
{Heap after GC invocations=24 (full 0):
 garbage-first heap   total 128000K, used 77473K [0x0000000080000000, 0x0000000100000000)
  region size 1024K, 3 young (3072K), 3 survivors (3072K)
 Metaspace       used 73636K, committed 75456K, reserved 1114112K
  class space    used 10540K, committed 11392K, reserved 1048576K
}
Event: 30.891 GC heap before
{Heap before GC invocations=24 (full 0):
 garbage-first heap   total 128000K, used 109217K [0x0000000080000000, 0x0000000100000000)
  region size 1024K, 33 young (33792K), 3 survivors (3072K)
 Metaspace       used 74463K, committed 76224K, reserved 1114112K
  class space    used 10640K, committed 11520K, reserved 1048576K
}
Event: 30.902 GC heap after
{Heap after GC invocations=25 (full 0):
 garbage-first heap   total 162816K, used 78451K [0x0000000080000000, 0x0000000100000000)
  region size 1024K, 5 young (5120K), 5 survivors (5120K)
 Metaspace       used 74463K, committed 76224K, reserved 1114112K
  class space    used 10640K, committed 11520K, reserved 1048576K
}
Event: 31.544 GC heap before
{Heap before GC invocations=25 (full 0):
 garbage-first heap   total 162816K, used 102003K [0x0000000080000000, 0x0000000100000000)
  region size 1024K, 29 young (29696K), 5 survivors (5120K)
 Metaspace       used 77852K, committed 79616K, reserved 1179648K
  class space    used 11025K, committed 11904K, reserved 1048576K
}
Event: 31.553 GC heap after
{Heap after GC invocations=26 (full 0):
 garbage-first heap   total 162816K, used 80544K [0x0000000080000000, 0x0000000100000000)
  region size 1024K, 5 young (5120K), 5 survivors (5120K)
 Metaspace       used 77852K, committed 79616K, reserved 1179648K
  class space    used 11025K, committed 11904K, reserved 1048576K
}
Event: 33.001 GC heap before
{Heap before GC invocations=27 (full 0):
 garbage-first heap   total 162816K, used 151200K [0x0000000080000000, 0x0000000100000000)
  region size 1024K, 57 young (58368K), 5 survivors (5120K)
 Metaspace       used 82068K, committed 83840K, reserved 1179648K
  class space    used 11417K, committed 12288K, reserved 1048576K
}
Event: 33.010 GC heap after
{Heap after GC invocations=28 (full 0):
 garbage-first heap   total 163840K, used 102946K [0x0000000080000000, 0x0000000100000000)
  region size 1024K, 8 young (8192K), 8 survivors (8192K)
 Metaspace       used 82068K, committed 83840K, reserved 1179648K
  class space    used 11417K, committed 12288K, reserved 1048576K
}
Event: 34.251 GC heap before
{Heap before GC invocations=28 (full 0):
 garbage-first heap   total 163840K, used 143906K [0x0000000080000000, 0x0000000100000000)
  region size 1024K, 48 young (49152K), 8 survivors (8192K)
 Metaspace       used 87106K, committed 89216K, reserved 1179648K
  class space    used 12034K, committed 13120K, reserved 1048576K
}
Event: 34.260 GC heap after
{Heap after GC invocations=29 (full 0):
 garbage-first heap   total 163840K, used 104745K [0x0000000080000000, 0x0000000100000000)
  region size 1024K, 3 young (3072K), 3 survivors (3072K)
 Metaspace       used 87106K, committed 89216K, reserved 1179648K
  class space    used 12034K, committed 13120K, reserved 1048576K
}
Event: 35.681 GC heap before
{Heap before GC invocations=29 (full 0):
 garbage-first heap   total 163840K, used 145705K [0x0000000080000000, 0x0000000100000000)
  region size 1024K, 43 young (44032K), 3 survivors (3072K)
 Metaspace       used 92298K, committed 94464K, reserved 1179648K
  class space    used 12638K, committed 13696K, reserved 1048576K
}
Event: 35.691 GC heap after
{Heap after GC invocations=30 (full 0):
 garbage-first heap   total 163840K, used 106596K [0x0000000080000000, 0x0000000100000000)
  region size 1024K, 5 young (5120K), 5 survivors (5120K)
 Metaspace       used 92298K, committed 94464K, reserved 1179648K
  class space    used 12638K, committed 13696K, reserved 1048576K
}

Dll operation events (15 events):
Event: 0.021 Loaded shared library C:\Program Files\Java\jdk-21\bin\java.dll
Event: 0.081 Loaded shared library C:\Program Files\Java\jdk-21\bin\jsvml.dll
Event: 0.135 Loaded shared library C:\Program Files\Java\jdk-21\bin\zip.dll
Event: 0.142 Loaded shared library C:\Program Files\Java\jdk-21\bin\instrument.dll
Event: 0.148 Loaded shared library C:\Program Files\Java\jdk-21\bin\net.dll
Event: 0.151 Loaded shared library C:\Program Files\Java\jdk-21\bin\nio.dll
Event: 0.159 Loaded shared library C:\Program Files\Java\jdk-21\bin\zip.dll
Event: 0.573 Loaded shared library C:\Program Files\Java\jdk-21\bin\jimage.dll
Event: 0.714 Loaded shared library C:\Program Files\Java\jdk-21\bin\verify.dll
Event: 1.061 Loaded shared library C:\Users\Milan\.gradle\native\c067742578af261105cb4f569cf0c3c89f3d7b1fecec35dd04571415982c5e48\windows-amd64\native-platform.dll
Event: 1.090 Loaded shared library C:\Users\Milan\.gradle\native\38dada09dfb8b06ba9b0570ebf7e218e3eb74d4ef43ca46872605cf95ebc2f47\windows-amd64\native-platform-file-events.dll
Event: 3.030 Loaded shared library C:\Program Files\Java\jdk-21\bin\management.dll
Event: 3.047 Loaded shared library C:\Program Files\Java\jdk-21\bin\management_ext.dll
Event: 3.318 Loaded shared library C:\Program Files\Java\jdk-21\bin\extnet.dll
Event: 3.585 Loaded shared library C:\Program Files\Java\jdk-21\bin\sunmscapi.dll

Deoptimization events (20 events):
Event: 34.421 Thread 0x0000025bfb670ca0 Uncommon trap: trap_request=0xffffffc6 fr.pc=0x0000025ba7baf148 relative=0x0000000000000528
Event: 34.421 Thread 0x0000025bfb670ca0 Uncommon trap: reason=bimorphic_or_optimized_type_check action=maybe_recompile pc=0x0000025ba7baf148 method=org.jetbrains.kotlin.protobuf.CodedInputStream.tryRefillBuffer(I)Z @ 177 c2
Event: 34.421 Thread 0x0000025bfb670ca0 DEOPT PACKING pc=0x0000025ba7baf148 sp=0x000000f75daf4800
Event: 34.421 Thread 0x0000025bfb670ca0 DEOPT UNPACKING pc=0x0000025ba74c46a2 sp=0x000000f75daf46e0 mode 2
Event: 34.425 Thread 0x0000025bfb670ca0 Uncommon trap: trap_request=0xffffffc6 fr.pc=0x0000025ba7baf148 relative=0x0000000000000528
Event: 34.425 Thread 0x0000025bfb670ca0 Uncommon trap: reason=bimorphic_or_optimized_type_check action=maybe_recompile pc=0x0000025ba7baf148 method=org.jetbrains.kotlin.protobuf.CodedInputStream.tryRefillBuffer(I)Z @ 177 c2
Event: 34.425 Thread 0x0000025bfb670ca0 DEOPT PACKING pc=0x0000025ba7baf148 sp=0x000000f75daf4800
Event: 34.425 Thread 0x0000025bfb670ca0 DEOPT UNPACKING pc=0x0000025ba74c46a2 sp=0x000000f75daf46e0 mode 2
Event: 34.478 Thread 0x0000025bfb670ca0 Uncommon trap: trap_request=0xffffff45 fr.pc=0x0000025ba7d7fc1c relative=0x000000000000073c
Event: 34.478 Thread 0x0000025bfb670ca0 Uncommon trap: reason=unstable_if action=reinterpret pc=0x0000025ba7d7fc1c method=org.jetbrains.org.objectweb.asm.ClassReader.readUtf(II[C)Ljava/lang/String; @ 41 c2
Event: 34.478 Thread 0x0000025bfb670ca0 DEOPT PACKING pc=0x0000025ba7d7fc1c sp=0x000000f75daf3c00
Event: 34.478 Thread 0x0000025bfb670ca0 DEOPT UNPACKING pc=0x0000025ba74c46a2 sp=0x000000f75daf3ba8 mode 2
Event: 34.480 Thread 0x0000025bfb670ca0 Uncommon trap: trap_request=0xffffffc6 fr.pc=0x0000025ba7bae624 relative=0x0000000000000324
Event: 34.480 Thread 0x0000025bfb670ca0 Uncommon trap: reason=bimorphic_or_optimized_type_check action=maybe_recompile pc=0x0000025ba7bae624 method=org.jetbrains.kotlin.protobuf.CodedInputStream.tryRefillBuffer(I)Z @ 177 c2
Event: 34.480 Thread 0x0000025bfb670ca0 DEOPT PACKING pc=0x0000025ba7bae624 sp=0x000000f75daf3eb0
Event: 34.480 Thread 0x0000025bfb670ca0 DEOPT UNPACKING pc=0x0000025ba74c46a2 sp=0x000000f75daf3de8 mode 2
Event: 34.672 Thread 0x0000025bfb670ca0 Uncommon trap: trap_request=0xffffffdc fr.pc=0x0000025ba7dc1f98 relative=0x0000000000000258
Event: 34.672 Thread 0x0000025bfb670ca0 Uncommon trap: reason=class_check action=make_not_entrant pc=0x0000025ba7dc1f98 method=java.util.ArrayList.toArray([Ljava/lang/Object;)[Ljava/lang/Object; @ 21 c2
Event: 34.672 Thread 0x0000025bfb670ca0 DEOPT PACKING pc=0x0000025ba7dc1f98 sp=0x000000f75daf2f10
Event: 34.672 Thread 0x0000025bfb670ca0 DEOPT UNPACKING pc=0x0000025ba74c46a2 sp=0x000000f75daf2ed0 mode 2

Classes loaded (20 events):
Event: 27.975 Loading class java/util/zip/ZipFile$ZipEntryIterator
Event: 27.976 Loading class java/util/zip/ZipFile$ZipEntryIterator done
Event: 30.679 Loading class java/nio/channels/NonWritableChannelException
Event: 30.679 Loading class java/nio/channels/NonWritableChannelException done
Event: 34.512 Loading class java/text/StringCharacterIterator
Event: 34.512 Loading class java/text/CharacterIterator
Event: 34.512 Loading class java/text/CharacterIterator done
Event: 34.512 Loading class java/text/StringCharacterIterator done
Event: 34.593 Loading class java/io/NotSerializableException
Event: 34.593 Loading class java/io/NotSerializableException done
Event: 34.819 Loading class java/util/AbstractList$ListItr
Event: 34.820 Loading class java/util/AbstractList$ListItr done
Event: 35.039 Loading class java/util/function/IntUnaryOperator
Event: 35.039 Loading class java/util/function/IntUnaryOperator done
Event: 35.366 Loading class java/util/AbstractList$RandomAccessSubList
Event: 35.366 Loading class java/util/AbstractList$SubList
Event: 35.367 Loading class java/util/AbstractList$SubList done
Event: 35.367 Loading class java/util/AbstractList$RandomAccessSubList done
Event: 36.026 Loading class java/util/AbstractList$SubList$1
Event: 36.026 Loading class java/util/AbstractList$SubList$1 done

Classes unloaded (0 events):
No events

Classes redefined (0 events):
No events

Internal exceptions (20 events):
Event: 27.494 Thread 0x0000025bfb670ca0 Exception <a 'java/lang/NoSuchMethodError'{0x0000000083a82b28}: 'java.lang.Object java.lang.invoke.Invokers$Holder.invokeExact_MT(java.lang.Object, java.lang.Object, long, java.lang.Object)'> (0x0000000083a82b28) 
thrown [s\open\src\hotspot\share\interpreter\linkResolver.cpp, line 773]
Event: 27.705 Thread 0x0000025bfb670ca0 Implicit null exception at 0x0000025ba7b5d904 to 0x0000025ba7b5dbb0
Event: 27.707 Thread 0x0000025bfb670ca0 Exception <a 'java/lang/NoSuchMethodError'{0x00000000836d50e0}: 'int java.lang.invoke.DirectMethodHandle$Holder.invokeSpecial(java.lang.Object, java.lang.Object, java.lang.Object, int)'> (0x00000000836d50e0) 
thrown [s\open\src\hotspot\share\interpreter\linkResolver.cpp, line 773]
Event: 27.712 Thread 0x0000025bfb670ca0 Exception <a 'java/lang/NoSuchMethodError'{0x00000000836e6750}: 'java.lang.Object java.lang.invoke.DirectMethodHandle$Holder.invokeStatic(java.lang.Object, java.lang.Object, java.lang.Object, java.lang.Object, int)'> (0x00000000836e6750) 
thrown [s\open\src\hotspot\share\interpreter\linkResolver.cpp, line 773]
Event: 27.715 Thread 0x0000025bfb670ca0 Exception <a 'java/lang/NoSuchMethodError'{0x00000000836ef2c8}: 'long java.lang.invoke.DirectMethodHandle$Holder.invokeStatic(java.lang.Object, java.lang.Object, int)'> (0x00000000836ef2c8) 
thrown [s\open\src\hotspot\share\interpreter\linkResolver.cpp, line 773]
Event: 27.719 Thread 0x0000025bfb670ca0 Exception <a 'java/lang/NoSuchMethodError'{0x00000000836fb908}: 'java.lang.Object java.lang.invoke.DelegatingMethodHandle$Holder.reinvoke_L(java.lang.Object, int, long, java.lang.Object, java.lang.Object, int, java.lang.Object)'> (0x00000000836fb908) 
thrown [s\open\src\hotspot\share\interpreter\linkResolver.cpp, line 773]
Event: 27.976 Thread 0x0000025bfb670ca0 Implicit null exception at 0x0000025ba7c9706f to 0x0000025ba7c97c34
Event: 29.474 Thread 0x0000025bfb670ca0 Implicit null exception at 0x0000025ba7cb55c9 to 0x0000025ba7cb78cc
Event: 33.495 Thread 0x0000025bfb670ca0 Exception <a 'java/lang/NoSuchMethodError'{0x0000000088d3f568}: 'java.lang.Object java.lang.invoke.DirectMethodHandle$Holder.newInvokeSpecial(java.lang.Object, java.lang.Object, java.lang.Object, java.lang.Object, java.lang.Object, java.lang.Object, java.lang.Object, java.lang.Object, java.lang.Object, java.lang.Object, java.lang.Object, java.lang.Object, java.lang.Object, java.lang.Object, java.lang.Object, java.lang.Object, java.lang.Object, java.lang.Object, java.lang.Object, java.lang.Object, java.lang
Event: 33.518 Thread 0x0000025bfb670ca0 Exception <a 'java/lang/NoSuchMethodError'{0x0000000088b47ca0}: 'java.lang.Object java.lang.invoke.DirectMethodHandle$Holder.newInvokeSpecial(java.lang.Object, java.lang.Object, java.lang.Object, java.lang.Object, java.lang.Object, java.lang.Object, java.lang.Object, java.lang.Object, java.lang.Object, java.lang.Object, java.lang.Object, java.lang.Object, java.lang.Object, java.lang.Object, java.lang.Object, java.lang.Object, java.lang.Object, java.lang.Object, java.lang.Object, java.lang.Object)'> (0x0000
Event: 33.518 Thread 0x0000025bfb670ca0 Exception <a 'java/lang/NoSuchMethodError'{0x0000000088b4f610}: 'java.lang.Object java.lang.invoke.DirectMethodHandle$Holder.invokeSpecial(java.lang.Object, java.lang.Object, java.lang.Object, java.lang.Object, java.lang.Object, java.lang.Object, java.lang.Object, java.lang.Object, java.lang.Object, java.lang.Object, java.lang.Object, java.lang.Object, java.lang.Object, java.lang.Object, java.lang.Object, java.lang.Object, java.lang.Object, java.lang.Object, java.lang.Object, java.lang.Object, java.lang.Ob
Event: 33.519 Thread 0x0000025bfb670ca0 Exception <a 'java/lang/NoSuchMethodError'{0x0000000088b55b10}: 'java.lang.Object java.lang.invoke.DelegatingMethodHandle$Holder.reinvoke_L(java.lang.Object, java.lang.Object, java.lang.Object, java.lang.Object, java.lang.Object, java.lang.Object, java.lang.Object, java.lang.Object, java.lang.Object, java.lang.Object, java.lang.Object, java.lang.Object, java.lang.Object, java.lang.Object, java.lang.Object, java.lang.Object, java.lang.Object, java.lang.Object, java.lang.Object, java.lang.Object)'> (0x000000
Event: 33.776 Thread 0x0000025bfb670ca0 Exception <a 'java/lang/NoSuchMethodError'{0x000000008833bdd8}: 'java.lang.Object java.lang.invoke.DirectMethodHandle$Holder.newInvokeSpecial(java.lang.Object, java.lang.Object, java.lang.Object, java.lang.Object, java.lang.Object, java.lang.Object, java.lang.Object, java.lang.Object, java.lang.Object, java.lang.Object, java.lang.Object, java.lang.Object, java.lang.Object, java.lang.Object, java.lang.Object, java.lang.Object)'> (0x000000008833bdd8) 
thrown [s\open\src\hotspot\share\interpreter\linkResolver
Event: 33.777 Thread 0x0000025bfb670ca0 Exception <a 'java/lang/NoSuchMethodError'{0x0000000088342cd0}: 'java.lang.Object java.lang.invoke.DirectMethodHandle$Holder.invokeSpecial(java.lang.Object, java.lang.Object, java.lang.Object, java.lang.Object, java.lang.Object, java.lang.Object, java.lang.Object, java.lang.Object, java.lang.Object, java.lang.Object, java.lang.Object, java.lang.Object, java.lang.Object, java.lang.Object, java.lang.Object, java.lang.Object, java.lang.Object)'> (0x0000000088342cd0) 
thrown [s\open\src\hotspot\share\interpret
Event: 33.777 Thread 0x0000025bfb670ca0 Exception <a 'java/lang/NoSuchMethodError'{0x0000000088348b50}: 'java.lang.Object java.lang.invoke.DelegatingMethodHandle$Holder.reinvoke_L(java.lang.Object, java.lang.Object, java.lang.Object, java.lang.Object, java.lang.Object, java.lang.Object, java.lang.Object, java.lang.Object, java.lang.Object, java.lang.Object, java.lang.Object, java.lang.Object, java.lang.Object, java.lang.Object, java.lang.Object, java.lang.Object)'> (0x0000000088348b50) 
thrown [s\open\src\hotspot\share\interpreter\linkResolver.c
Event: 33.797 Thread 0x0000025bfb670ca0 Exception <a 'java/lang/NoSuchMethodError'{0x00000000883fb780}: 'java.lang.Object java.lang.invoke.DirectMethodHandle$Holder.newInvokeSpecial(java.lang.Object, java.lang.Object, java.lang.Object, java.lang.Object, java.lang.Object, java.lang.Object, java.lang.Object, java.lang.Object, java.lang.Object, java.lang.Object, java.lang.Object, java.lang.Object, java.lang.Object, java.lang.Object, java.lang.Object, java.lang.Object, java.lang.Object, java.lang.Object)'> (0x00000000883fb780) 
thrown [s\open\src\ho
Event: 33.797 Thread 0x0000025bfb670ca0 Exception <a 'java/lang/NoSuchMethodError'{0x0000000088202f38}: 'java.lang.Object java.lang.invoke.DirectMethodHandle$Holder.invokeSpecial(java.lang.Object, java.lang.Object, java.lang.Object, java.lang.Object, java.lang.Object, java.lang.Object, java.lang.Object, java.lang.Object, java.lang.Object, java.lang.Object, java.lang.Object, java.lang.Object, java.lang.Object, java.lang.Object, java.lang.Object, java.lang.Object, java.lang.Object, java.lang.Object, java.lang.Object)'> (0x0000000088202f38) 
thrown
Event: 33.797 Thread 0x0000025bfb670ca0 Exception <a 'java/lang/NoSuchMethodError'{0x00000000882090a0}: 'java.lang.Object java.lang.invoke.DelegatingMethodHandle$Holder.reinvoke_L(java.lang.Object, java.lang.Object, java.lang.Object, java.lang.Object, java.lang.Object, java.lang.Object, java.lang.Object, java.lang.Object, java.lang.Object, java.lang.Object, java.lang.Object, java.lang.Object, java.lang.Object, java.lang.Object, java.lang.Object, java.lang.Object, java.lang.Object, java.lang.Object)'> (0x00000000882090a0) 
thrown [s\open\src\hots
Event: 33.810 Thread 0x0000025bfb670ca0 Exception <a 'java/lang/NoSuchMethodError'{0x00000000882a1aa0}: 'java.lang.Object java.lang.invoke.DirectMethodHandle$Holder.newInvokeSpecial(java.lang.Object, java.lang.Object, java.lang.Object, java.lang.Object, java.lang.Object, java.lang.Object, java.lang.Object, java.lang.Object, java.lang.Object, java.lang.Object, java.lang.Object, java.lang.Object, java.lang.Object, java.lang.Object, java.lang.Object, java.lang.Object, java.lang.Object, java.lang.Object, java.lang.Object, java.lang.Object, java.lang
Event: 35.040 Thread 0x0000025bfb670ca0 Exception <a 'java/lang/NoSuchMethodError'{0x000000008863fad0}: 'int java.lang.invoke.DirectMethodHandle$Holder.invokeSpecial(java.lang.Object, java.lang.Object, int, int)'> (0x000000008863fad0) 
thrown [s\open\src\hotspot\share\interpreter\linkResolver.cpp, line 773]

ZGC Phase Switch (0 events):
No events

VM Operations (20 events):
Event: 34.153 Executing VM operation: HandshakeAllThreads (Deoptimize)
Event: 34.154 Executing VM operation: HandshakeAllThreads (Deoptimize) done
Event: 34.251 Executing VM operation: G1CollectForAllocation (G1 Evacuation Pause)
Event: 34.260 Executing VM operation: G1CollectForAllocation (G1 Evacuation Pause) done
Event: 34.338 Executing VM operation: HandshakeAllThreads (Deoptimize)
Event: 34.339 Executing VM operation: HandshakeAllThreads (Deoptimize) done
Event: 34.403 Executing VM operation: HandshakeAllThreads (Deoptimize)
Event: 34.403 Executing VM operation: HandshakeAllThreads (Deoptimize) done
Event: 34.821 Executing VM operation: HandshakeAllThreads (Deoptimize)
Event: 34.821 Executing VM operation: HandshakeAllThreads (Deoptimize) done
Event: 35.681 Executing VM operation: G1CollectForAllocation (G1 Evacuation Pause)
Event: 35.692 Executing VM operation: G1CollectForAllocation (G1 Evacuation Pause) done
Event: 35.848 Executing VM operation: G1PauseRemark
Event: 35.867 Executing VM operation: G1PauseRemark done
Event: 35.926 Executing VM operation: G1PauseCleanup
Event: 35.926 Executing VM operation: G1PauseCleanup done
Event: 36.166 Executing VM operation: HandshakeAllThreads (Deoptimize)
Event: 36.166 Executing VM operation: HandshakeAllThreads (Deoptimize) done
Event: 36.256 Executing VM operation: HandshakeAllThreads (Deoptimize)
Event: 36.256 Executing VM operation: HandshakeAllThreads (Deoptimize) done

Events (20 events):
Event: 35.864 Thread 0x0000025bb4471570 flushing nmethod 0x0000025b9ff67910
Event: 35.864 Thread 0x0000025bb4471570 flushing nmethod 0x0000025b9ff61990
Event: 35.864 Thread 0x0000025bb4471570 flushing nmethod 0x0000025b9ff53c90
Event: 35.864 Thread 0x0000025bb4471570 flushing nmethod 0x0000025ba7d66410
Event: 35.864 Thread 0x0000025bb4471570 flushing nmethod 0x0000025ba7d3c310
Event: 35.864 Thread 0x0000025bb4471570 flushing nmethod 0x0000025ba7c49090
Event: 35.864 Thread 0x0000025bb4471570 flushing nmethod 0x0000025ba7c83410
Event: 35.864 Thread 0x0000025bb4471570 flushing nmethod 0x0000025ba7c6e510
Event: 35.864 Thread 0x0000025bb4471570 flushing nmethod 0x0000025ba7c94d10
Event: 35.864 Thread 0x0000025bb4471570 flushing nmethod 0x0000025ba7c8ef90
Event: 35.864 Thread 0x0000025bb4471570 flushing nmethod 0x0000025ba7c6ac90
Event: 35.864 Thread 0x0000025bb4471570 flushing nmethod 0x0000025ba7c34f10
Event: 35.864 Thread 0x0000025bb4471570 flushing nmethod 0x0000025ba7bd8e10
Event: 35.864 Thread 0x0000025bb4471570 flushing nmethod 0x0000025ba7ab6990
Event: 35.865 Thread 0x0000025bb4471570 flushing nmethod 0x0000025ba7b12910
Event: 35.865 Thread 0x0000025bb4471570 flushing nmethod 0x0000025ba7aea710
Event: 35.865 Thread 0x0000025bb4471570 flushing nmethod 0x0000025ba7ae0710
Event: 35.865 Thread 0x0000025bb4471570 flushing nmethod 0x0000025ba7adcc10
Event: 35.865 Thread 0x0000025bb4471570 flushing nmethod 0x0000025ba7ad7310
Event: 35.865 Thread 0x0000025bb4471570 flushing nmethod 0x0000025ba7a95490


Dynamic libraries:
0x00007ff69b2c0000 - 0x00007ff69b2d0000 	C:\Program Files\Java\jdk-21\bin\java.exe
0x00007ff87d6b0000 - 0x00007ff87d8a8000 	C:\Windows\SYSTEM32\ntdll.dll
0x00007ff87ce80000 - 0x00007ff87cf42000 	C:\Windows\System32\KERNEL32.DLL
0x00007ff87adc0000 - 0x00007ff87b0b6000 	C:\Windows\System32\KERNELBASE.dll
0x00007ff87b1e0000 - 0x00007ff87b2e0000 	C:\Windows\System32\ucrtbase.dll
0x00007ff863000000 - 0x00007ff86301b000 	C:\Program Files\Java\jdk-21\bin\VCRUNTIME140.dll
0x00007ff862fe0000 - 0x00007ff862ff9000 	C:\Program Files\Java\jdk-21\bin\jli.dll
0x00007ff87bd80000 - 0x00007ff87be31000 	C:\Windows\System32\ADVAPI32.dll
0x00007ff87bae0000 - 0x00007ff87bb7e000 	C:\Windows\System32\msvcrt.dll
0x00007ff87c490000 - 0x00007ff87c52f000 	C:\Windows\System32\sechost.dll
0x00007ff87b930000 - 0x00007ff87ba53000 	C:\Windows\System32\RPCRT4.dll
0x00007ff87b500000 - 0x00007ff87b527000 	C:\Windows\System32\bcrypt.dll
0x00007ff87bbe0000 - 0x00007ff87bd7d000 	C:\Windows\System32\USER32.dll
0x00007ff87b4d0000 - 0x00007ff87b4f2000 	C:\Windows\System32\win32u.dll
0x00007ff87cf80000 - 0x00007ff87cfab000 	C:\Windows\System32\GDI32.dll
0x00007ff858de0000 - 0x00007ff85907a000 	C:\Windows\WinSxS\amd64_microsoft.windows.common-controls_6595b64144ccf1df_6.0.19041.5915_none_60b4b9d171f9c7c7\COMCTL32.dll
0x00007ff87b0c0000 - 0x00007ff87b1d9000 	C:\Windows\System32\gdi32full.dll
0x00007ff87b630000 - 0x00007ff87b6cd000 	C:\Windows\System32\msvcp_win.dll
0x00007ff873720000 - 0x00007ff87372a000 	C:\Windows\SYSTEM32\VERSION.dll
0x00007ff87cf50000 - 0x00007ff87cf7f000 	C:\Windows\System32\IMM32.DLL
0x00007ff862fd0000 - 0x00007ff862fdc000 	C:\Program Files\Java\jdk-21\bin\vcruntime140_1.dll
0x00007ff82f460000 - 0x00007ff82f4ee000 	C:\Program Files\Java\jdk-21\bin\msvcp140.dll
0x00007ffff1a80000 - 0x00007ffff2795000 	C:\Program Files\Java\jdk-21\bin\server\jvm.dll
0x00007ff87a2d0000 - 0x00007ff87a31b000 	C:\Windows\SYSTEM32\POWRPROF.dll
0x00007ff87cfb0000 - 0x00007ff87d01b000 	C:\Windows\System32\WS2_32.dll
0x00007ff873350000 - 0x00007ff873377000 	C:\Windows\SYSTEM32\WINMM.dll
0x00007ff87a140000 - 0x00007ff87a152000 	C:\Windows\SYSTEM32\UMPDC.dll
0x00007ff879560000 - 0x00007ff879572000 	C:\Windows\SYSTEM32\kernel.appcore.dll
0x00007ff862fc0000 - 0x00007ff862fca000 	C:\Program Files\Java\jdk-21\bin\jimage.dll
0x00007ff879190000 - 0x00007ff879391000 	C:\Windows\SYSTEM32\DBGHELP.DLL
0x00007ff842a90000 - 0x00007ff842ac4000 	C:\Windows\SYSTEM32\dbgcore.DLL
0x00007ff87b440000 - 0x00007ff87b4c2000 	C:\Windows\System32\bcryptPrimitives.dll
0x00007ff855a90000 - 0x00007ff855a9f000 	C:\Program Files\Java\jdk-21\bin\instrument.dll
0x00007ff85ecd0000 - 0x00007ff85ecef000 	C:\Program Files\Java\jdk-21\bin\java.dll
0x00007ff87c530000 - 0x00007ff87cc9e000 	C:\Windows\System32\SHELL32.dll
0x00007ff878920000 - 0x00007ff8790c4000 	C:\Windows\SYSTEM32\windows.storage.dll
0x00007ff87bff0000 - 0x00007ff87c343000 	C:\Windows\System32\combase.dll
0x00007ff87a770000 - 0x00007ff87a79b000 	C:\Windows\SYSTEM32\Wldp.dll
0x00007ff87c350000 - 0x00007ff87c41d000 	C:\Windows\System32\OLEAUT32.dll
0x00007ff87b820000 - 0x00007ff87b8cd000 	C:\Windows\System32\SHCORE.dll
0x00007ff87c430000 - 0x00007ff87c48b000 	C:\Windows\System32\shlwapi.dll
0x00007ff87ac70000 - 0x00007ff87ac94000 	C:\Windows\SYSTEM32\profapi.dll
0x00007ff829580000 - 0x00007ff829657000 	C:\Program Files\Java\jdk-21\bin\jsvml.dll
0x00007ff859fa0000 - 0x00007ff859fb8000 	C:\Program Files\Java\jdk-21\bin\zip.dll
0x00007ff85ecc0000 - 0x00007ff85ecd0000 	C:\Program Files\Java\jdk-21\bin\net.dll
0x00007ff86da80000 - 0x00007ff86db8a000 	C:\Windows\SYSTEM32\WINHTTP.dll
0x00007ff87a4d0000 - 0x00007ff87a53a000 	C:\Windows\system32\mswsock.dll
0x00007ff859fc0000 - 0x00007ff859fd6000 	C:\Program Files\Java\jdk-21\bin\nio.dll
0x00007ff859f90000 - 0x00007ff859fa0000 	C:\Program Files\Java\jdk-21\bin\verify.dll
0x00007ff855aa0000 - 0x00007ff855ac7000 	C:\Users\Milan\.gradle\native\c067742578af261105cb4f569cf0c3c89f3d7b1fecec35dd04571415982c5e48\windows-amd64\native-platform.dll
0x00007ff820fd0000 - 0x00007ff821114000 	C:\Users\Milan\.gradle\native\38dada09dfb8b06ba9b0570ebf7e218e3eb74d4ef43ca46872605cf95ebc2f47\windows-amd64\native-platform-file-events.dll
0x00007ff855c70000 - 0x00007ff855c7a000 	C:\Program Files\Java\jdk-21\bin\management.dll
0x00007ff855c60000 - 0x00007ff855c6b000 	C:\Program Files\Java\jdk-21\bin\management_ext.dll
0x00007ff87cdc0000 - 0x00007ff87cdc8000 	C:\Windows\System32\PSAPI.DLL
0x00007ff87a6d0000 - 0x00007ff87a6e8000 	C:\Windows\SYSTEM32\CRYPTSP.dll
0x00007ff879d80000 - 0x00007ff879db8000 	C:\Windows\system32\rsaenh.dll
0x00007ff87abf0000 - 0x00007ff87ac1e000 	C:\Windows\SYSTEM32\USERENV.dll
0x00007ff87a6c0000 - 0x00007ff87a6cc000 	C:\Windows\SYSTEM32\CRYPTBASE.dll
0x00007ff87a160000 - 0x00007ff87a19b000 	C:\Windows\SYSTEM32\IPHLPAPI.DLL
0x00007ff87d600000 - 0x00007ff87d608000 	C:\Windows\System32\NSI.dll
0x00007ff855af0000 - 0x00007ff855af7000 	C:\Program Files\Java\jdk-21\bin\extnet.dll
0x00007ff852a50000 - 0x00007ff852a5e000 	C:\Program Files\Java\jdk-21\bin\sunmscapi.dll
0x00007ff87b2e0000 - 0x00007ff87b43d000 	C:\Windows\System32\CRYPT32.dll
0x00007ff87a7e0000 - 0x00007ff87a807000 	C:\Windows\SYSTEM32\ncrypt.dll
0x00007ff87a7a0000 - 0x00007ff87a7db000 	C:\Windows\SYSTEM32\NTASN1.dll
0x00007ff871500000 - 0x00007ff871507000 	C:\Windows\system32\wshunix.dll
0x00007ff87a1a0000 - 0x00007ff87a26a000 	C:\Windows\SYSTEM32\DNSAPI.dll
0x00000000750c0000 - 0x00000000750e6000 	C:\Program Files\Bonjour\mdnsNSP.dll
0x00007ff873260000 - 0x00007ff87326a000 	C:\Windows\System32\rasadhlp.dll
0x00007ff85d1e0000 - 0x00007ff85d260000 	C:\Windows\System32\fwpuclnt.dll

dbghelp: loaded successfully - version: 4.0.5 - missing functions: none
symbol engine: initialized successfully - sym options: 0x614 - pdb path: .;C:\Program Files\Java\jdk-21\bin;C:\Windows\SYSTEM32;C:\Windows\WinSxS\amd64_microsoft.windows.common-controls_6595b64144ccf1df_6.0.19041.5915_none_60b4b9d171f9c7c7;C:\Program Files\Java\jdk-21\bin\server;C:\Users\Milan\.gradle\native\c067742578af261105cb4f569cf0c3c89f3d7b1fecec35dd04571415982c5e48\windows-amd64;C:\Users\Milan\.gradle\native\38dada09dfb8b06ba9b0570ebf7e218e3eb74d4ef43ca46872605cf95ebc2f47\windows-amd64;C:\Program Files\Bonjour

VM Arguments:
jvm_args: --add-opens=java.base/java.util=ALL-UNNAMED --add-opens=java.base/java.lang=ALL-UNNAMED --add-opens=java.base/java.lang.invoke=ALL-UNNAMED --add-opens=java.prefs/java.util.prefs=ALL-UNNAMED --add-opens=java.base/java.nio.charset=ALL-UNNAMED --add-opens=java.base/java.net=ALL-UNNAMED --add-opens=java.base/java.util.concurrent.atomic=ALL-UNNAMED -Xmx2048m -Dfile.encoding=UTF-8 -Duser.country=US -Duser.language=en -Duser.variant -javaagent:C:\Users\Milan\.gradle\wrapper\dists\gradle-8.7-bin\bhs2wmbdwecv87pi65oeuq5iu\gradle-8.7\lib\agents\gradle-instrumentation-agent-8.7.jar 
java_command: org.gradle.launcher.daemon.bootstrap.GradleDaemon 8.7
java_class_path (initial): C:\Users\Milan\.gradle\wrapper\dists\gradle-8.7-bin\bhs2wmbdwecv87pi65oeuq5iu\gradle-8.7\lib\gradle-launcher-8.7.jar
Launcher Type: SUN_STANDARD

[Global flags]
     intx CICompilerCount                          = 4                                         {product} {ergonomic}
     uint ConcGCThreads                            = 2                                         {product} {ergonomic}
     uint G1ConcRefinementThreads                  = 8                                         {product} {ergonomic}
   size_t G1HeapRegionSize                         = 1048576                                   {product} {ergonomic}
    uintx GCDrainStackTargetSize                   = 64                                        {product} {ergonomic}
   size_t InitialHeapSize                          = 132120576                                 {product} {ergonomic}
   size_t MarkStackSize                            = 4194304                                   {product} {ergonomic}
   size_t MaxHeapSize                              = 2147483648                                {product} {command line}
   size_t MaxNewSize                               = 1287651328                                {product} {ergonomic}
   size_t MinHeapDeltaBytes                        = 1048576                                   {product} {ergonomic}
   size_t MinHeapSize                              = 8388608                                   {product} {ergonomic}
    uintx NonNMethodCodeHeapSize                   = 5839372                                {pd product} {ergonomic}
    uintx NonProfiledCodeHeapSize                  = 122909434                              {pd product} {ergonomic}
    uintx ProfiledCodeHeapSize                     = 122909434                              {pd product} {ergonomic}
    uintx ReservedCodeCacheSize                    = 251658240                              {pd product} {ergonomic}
     bool SegmentedCodeCache                       = true                                      {product} {ergonomic}
   size_t SoftMaxHeapSize                          = 2147483648                             {manageable} {ergonomic}
     bool UseCompressedOops                        = true                           {product lp64_product} {ergonomic}
     bool UseG1GC                                  = true                                      {product} {ergonomic}
     bool UseLargePagesIndividualAllocation        = false                                  {pd product} {ergonomic}

Logging:
Log output configuration:
 #0: stdout all=warning uptime,level,tags foldmultilines=false
 #1: stderr all=off uptime,level,tags foldmultilines=false

Environment Variables:
CLASSPATH=C:\Users\Milan\AndroidStudioProjects\Proba\\gradle\wrapper\gradle-wrapper.jar
PATH=C:\Program Files\Common Files\Oracle\Java\javapath;C:\Program Files (x86)\Common Files\Oracle\Java\javapath;C:\Program Files\Python312\Scripts\;C:\Program Files\Python312\;C:\Program Files\Microsoft MPI\Bin\;C:\ProgramData\Oracle\Java\javapath;C:\Windows\system32;C:\Windows;C:\Windows\System32\Wbem;C:\Windows\System32\WindowsPowerShell\v1.0\;C:\Windows\System32\OpenSSH\;C:\Program Files\Intel\WiFi\bin\;C:\Program Files\Common Files\Intel\WirelessCommon\;C:\Program Files\Git\cmd;C:\Program Files\dotnet\;C:\ProgramData\chocolatey\bin;C:\Program Files\nodejs\;C:\Program Files\Microsoft SQL Server\Client SDK\ODBC\170\Tools\Binn\;C:\Program Files (x86)\Microsoft SQL Server\160\Tools\Binn\;C:\Program Files\Microsoft SQL Server\160\Tools\Binn\;C:\Program Files\Microsoft SQL Server\160\DTS\Binn\;C:\Program Files\Microsoft SQL Server\150\Tools\Binn\;C:\Program Files\Microsoft SQL Server\130\DTS\Binn\;C:\Program Files\Microsoft SQL Server\140\DTS\Binn\;C:\Program Files\Microsoft SQL Server\150\DTS\Binn\;C:\Program Files\dotnet\sdk\8.0.203;C:\Program Files (x86)\Windows Kits\10\Windows Performance Toolkit\;C:\Program Files\Java\jdk-21\bin;C:\Users\Milan\AppData\Roaming\.dotnet;C:\Users\Milan\AppData\Local\Microsoft\WindowsApps;C:\Users\Milan\.dotnet\tools;C:\Users\Milan\AppData\Local\Programs\Microsoft VS Code\bin;C:\Users\Milan\AppData\Roaming\npm;C:\Program Files\Azure Data Studio\bin;C:\Users\Milan\.dotnet\tools
USERNAME=Milan
OS=Windows_NT
PROCESSOR_IDENTIFIER=Intel64 Family 6 Model 142 Stepping 11, GenuineIntel
TMP=C:\Users\Milan\AppData\Local\Temp
TEMP=C:\Users\Milan\AppData\Local\Temp




Periodic native trim disabled

---------------  S Y S T E M  ---------------

OS:
 Windows 10 , 64 bit Build 19041 (10.0.19041.5915)
OS uptime: 0 days 3:59 hours

CPU: total 8 (initial active 8) (4 cores per cpu, 2 threads per core) family 6 model 142 stepping 11 microcode 0xb8, cx8, cmov, fxsr, ht, mmx, 3dnowpref, sse, sse2, sse3, ssse3, sse4.1, sse4.2, popcnt, lzcnt, tsc, tscinvbit, avx, avx2, aes, erms, clmul, bmi1, bmi2, adx, fma, vzeroupper, clflush, clflushopt, rdtscp, f16c
Processor Information for all 8 processors :
  Max Mhz: 1800, Current Mhz: 1600, Mhz Limit: 1584

Memory: 4k page, system-wide physical 8043M (270M free)
TotalPageFile size 16003M (AvailPageFile size 4M)
current process WorkingSet (physical memory assigned to process): 400M, peak: 400M
current process commit charge ("private bytes"): 472M, peak: 472M

vm_info: Java HotSpot(TM) 64-Bit Server VM (21.0.1+12-LTS-29) for windows-amd64 JRE (21.0.1+12-LTS-29), built on 2023-10-05T13:27:09Z by "mach5one" with MS VC++ 17.1 (VS2022)

END.
